#
# A fatal error has been detected by the Java Runtime Environment:
#
#  SIGSEGV (0xb) at pc=0x00007fab283caef5, pid=23483, tid=0x00007fab59de6640
#
# JRE version: OpenJDK Runtime Environment (8.0_352-b08) (build 1.8.0_352-352-b08)
# Java VM: OpenJDK 64-Bit Server VM (25.352-b08 mixed mode linux-amd64 compressed oops)
# Problematic frame:
# C  [DS4H_OpenCVLibrary5627326677356273621.so+0x5caef5]  cv::Mat::~Mat()+0x5
#
# Failed to write core dump. Core dumps have been disabled. To enable core dumping, try "ulimit -c unlimited" before starting Java again
#
# If you would like to submit a bug report, please visit:
#   http://bugreport.java.com/bugreport/crash.jsp
# The crash happened outside the Java Virtual Machine in native code.
# See problematic frame for where to report the bug.
#

---------------  T H R E A D  ---------------

Current thread (0x00007fab941da800):  JavaThread "Finalizer" daemon [_thread_in_native, id=23505, stack(0x00007fab59ce7000,0x00007fab59de7000)]

siginfo: si_signo: 11 (SIGSEGV), si_code: 1 (SEGV_MAPERR), si_addr: 0x00007faade96c078

Registers:
RAX=0x00007fab282276c0, RBX=0x00007fab5bf59cd0, RCX=0x00000000000000d8, RDX=0x00007faade96c040
RSP=0x00007fab59de57f0, RBP=0x00007faade96c040, RSI=0x00007fab59de5878, RDI=0x00007faade96c040
R8 =0x00000007c002e6c0, R9 =0x0000000000000000, R10=0x00007fab850183fb, R11=0x00007fab9ad87840
R12=0x0000000000000000, R13=0x00007fab5bf59cd0, R14=0x00007fab59de5890, R15=0x00007fab941da800
RIP=0x00007fab283caef5, EFLAGS=0x0000000000010202, CSGSFS=0x002b000000000033, ERR=0x0000000000000004
  TRAPNO=0x000000000000000e

Top of Stack: (sp=0x00007fab59de57f0)
0x00007fab59de57f0:   00007fab5bf59cd0 00007fab282276dc
0x00007fab59de5800:   00007fab59de5868 00007fab85018427
0x00007fab59de5810:   0000000000000000 0000000774bb1290
0x00007fab59de5820:   0000000000000009 00007fab59de5828
0x00007fab59de5830:   0000000000000000 00007fab59de5890
0x00007fab59de5840:   00007fab267bc860 0000000000000000
0x00007fab59de5850:   00007fab5bf59cd0 0000000000000000
0x00007fab59de5860:   00007fab59de5888 00007fab59de58d8
0x00007fab59de5870:   00007fab85007ffd 00000006c96608a0
0x00007fab59de5880:   00007fab85011a58 00007faade96c040
0x00007fab59de5890:   0000000774bb1150 00007fab59de5898
0x00007fab59de58a0:   00007fab5bf54114 00007fab59de58e8
0x00007fab59de58b0:   00007fab267bc860 0000000000000000
0x00007fab59de58c0:   00007fab5bf54138 00007fab59de5888
0x00007fab59de58d0:   00007fab59de58f0 00007fab59de59f8
0x00007fab59de58e0:   00007fab855af304 0000000774bb12c0
0x00007fab59de58f0:   0000000000000000 0000000000000000
0x00007fab59de5900:   00000006c962fa48 00000006c962fa38
0x00007fab59de5910:   0000000000000000 0000000000000000
0x00007fab59de5920:   0000000774b87320 00000006c962fa68
0x00007fab59de5930:   0000000000000019 0000000774b87320
0x00007fab59de5940:   0000000000000000 0000000000000202
0x00007fab59de5950:   00007fab59de59f8 00007fab855afa5c
0x00007fab59de5960:   00007fab5b82a3aa 00007fab59de59b0
0x00007fab59de5970:   00007fab5b8ad150 0000000000000000
0x00007fab59de5980:   00007fab5b82a3b8 0000000000000000
0x00007fab59de5990:   00007fab59de59f8 00007fab85007ffd
0x00007fab59de59a0:   00007fab85007ffd 00000006c962fa68
0x00007fab59de59b0:   0000000774b87320 00007fab59de59b8
0x00007fab59de59c0:   00007fab5b8f992d 00007fab59de5a18
0x00007fab59de59d0:   00007fab5b8f9a10 0000000000000000
0x00007fab59de59e0:   00007fab5b8f9960 00007fab59de59a8 

Instructions: (pc=0x00007fab283caef5)
0x00007fab283caed5:   0f 1f 00 48 89 7c 24 08 e8 be fd ff ff 48 8b 7c
0x00007fab283caee5:   24 08 eb af 0f 1f 80 00 00 00 00 f3 0f 1e fa 53
0x00007fab283caef5:   48 8b 47 38 48 89 fb 48 85 c0 74 07 f0 83 68 14
0x00007fab283caf05:   01 74 50 8b 43 04 66 0f ef c0 48 c7 43 38 00 00 

Register to memory mapping:

RAX=0x00007fab282276c0: Java_org_opencv_core_Mat_n_1delete+0 in /tmp/DS4H_OpenCVLibrary5627326677356273621.so at 0x00007fab27e00000
RBX={method} {0x00007fab5bf59cd0} 'n_delete' '(J)V' in 'org/opencv/core/Mat'
RCX=0x00000000000000d8 is an unknown value
RDX=0x00007faade96c040 is an unknown value
RSP=0x00007fab59de57f0 is pointing into the stack for thread: 0x00007fab941da800
RBP=0x00007faade96c040 is an unknown value
RSI=0x00007fab59de5878 is pointing into the stack for thread: 0x00007fab941da800
RDI=0x00007faade96c040 is an unknown value
R8 =0x00000007c002e6c0 is pointing into metadata
R9 =0x0000000000000000 is an unknown value
R10=0x00007fab850183fb is at code_begin+859 in an Interpreter codelet
method entry point (kind = native)  [0x00007fab850180a0, 0x00007fab85018a40]  2464 bytes
R11=0x00007fab9ad87840: <offset 0x987840> in /usr/lib/jvm/opendjk-8/jre/lib/amd64/server/libjvm.so at 0x00007fab9a400000
R12=0x0000000000000000 is an unknown value
R13={method} {0x00007fab5bf59cd0} 'n_delete' '(J)V' in 'org/opencv/core/Mat'
R14=0x00007fab59de5890 is pointing into the stack for thread: 0x00007fab941da800
R15=0x00007fab941da800 is a thread


Stack: [0x00007fab59ce7000,0x00007fab59de7000],  sp=0x00007fab59de57f0,  free space=1017k
Native frames: (J=compiled Java code, j=interpreted, Vv=VM code, C=native code)
C  [DS4H_OpenCVLibrary5627326677356273621.so+0x5caef5]  cv::Mat::~Mat()+0x5

Java frames: (J=compiled Java code, j=interpreted, Vv=VM code)
j  org.opencv.core.Mat.n_delete(J)V+0
j  org.opencv.core.Mat.finalize()V+4
J 2262 C1 java.lang.ref.Finalizer.runFinalizer(Lsun/misc/JavaLangAccess;)V (62 bytes) @ 0x00007fab855af304 [0x00007fab855aed60+0x5a4]
J 2261 C1 java.lang.ref.Finalizer.access$100(Ljava/lang/ref/Finalizer;Lsun/misc/JavaLangAccess;)V (6 bytes) @ 0x00007fab855afa5c [0x00007fab855afa00+0x5c]
j  java.lang.ref.Finalizer$FinalizerThread.run()V+45
v  ~StubRoutines::call_stub

---------------  P R O C E S S  ---------------

Java Threads: ( => current thread )
  0x00007fab1423f800 JavaThread "Thread-5" [_thread_blocked, id=23575, stack(0x00007fab26500000,0x00007fab26600000)]
  0x00007faafc09a000 JavaThread "Image Animator 3" daemon [_thread_blocked, id=23573, stack(0x00007fab26b00000,0x00007fab26c00000)]
  0x00007fab1423a000 JavaThread "Thread-4" [_thread_in_Java, id=23567, stack(0x00007fab26c00000,0x00007fab26d00000)]
  0x00007fab140e1000 JavaThread "TimerQueue" daemon [_thread_blocked, id=23548, stack(0x00007fab26f00000,0x00007fab27000000)]
  0x00007fab44001000 JavaThread "Attach Listener" daemon [_thread_blocked, id=23544, stack(0x00007fab27000000,0x00007fab27100000)]
  0x00007fab9400d800 JavaThread "DestroyJavaVM" [_thread_blocked, id=23485, stack(0x00007fab9a300000,0x00007fab9a400000)]
  0x00007fab946d8000 JavaThread "AWT-EventQueue-0" [_thread_blocked, id=23540, stack(0x00007fab27900000,0x00007fab27a00000)]
  0x00007fab946d6000 JavaThread "AWT-Shutdown" [_thread_blocked, id=23539, stack(0x00007fab27d00000,0x00007fab27e00000)]
  0x00007fab946d4000 JavaThread "AWT-XAWT" daemon [_thread_in_native, id=23538, stack(0x00007fab2bf00000,0x00007fab2c000000)]
  0x00007fab946b3000 JavaThread "Java2D Disposer" daemon [_thread_blocked, id=23537, stack(0x00007fab58500000,0x00007fab58600000)]
  0x00007fab94630000 JavaThread "process reaper" daemon [_thread_blocked, id=23518, stack(0x00007fab99a58000,0x00007fab99a91000)]
  0x00007fab9458a000 JavaThread "Service Thread" daemon [_thread_blocked, id=23515, stack(0x00007fab589fd000,0x00007fab58afd000)]
  0x00007fab9457e800 JavaThread "C1 CompilerThread3" daemon [_thread_blocked, id=23514, stack(0x00007fab58afe000,0x00007fab58bfe000)]
  0x00007fab9457c800 JavaThread "C2 CompilerThread2" daemon [_thread_blocked, id=23513, stack(0x00007fab58bff000,0x00007fab58cff000)]
  0x00007fab9457a800 JavaThread "C2 CompilerThread1" daemon [_thread_blocked, id=23512, stack(0x00007fab58d00000,0x00007fab58e00000)]
  0x00007fab94579800 JavaThread "C2 CompilerThread0" daemon [_thread_blocked, id=23511, stack(0x00007fab59100000,0x00007fab59200000)]
  0x00007fab94540800 JavaThread "Monitor Ctrl-Break" daemon [_thread_in_native, id=23510, stack(0x00007fab59500000,0x00007fab59600000)]
  0x00007fab9420f000 JavaThread "Signal Dispatcher" daemon [_thread_blocked, id=23509, stack(0x00007fab59be7000,0x00007fab59ce7000)]
=>0x00007fab941da800 JavaThread "Finalizer" daemon [_thread_in_native, id=23505, stack(0x00007fab59ce7000,0x00007fab59de7000)]
  0x00007fab941d6000 JavaThread "Reference Handler" daemon [_thread_blocked, id=23504, stack(0x00007fab59de7000,0x00007fab59ee7000)]

Other Threads:
  0x00007fab941cc800 VMThread [stack: 0x00007fab59ee8000,0x00007fab59fe8000] [id=23503]
  0x00007fab9458c800 WatcherThread [stack: 0x00007fab588fd000,0x00007fab589fd000] [id=23516]

VM state:not at safepoint (normal execution)

VM Mutex/Monitor currently owned by a thread: None

heap address: 0x00000006c0000000, size: 4096 MB, Compressed Oops mode: Zero based, Oop shift amount: 3
Narrow klass base: 0x0000000000000000, Narrow klass shift: 3
Compressed class space size: 1073741824 Address: 0x00000007c0000000

Heap:
 PSYoungGen      total 163328K, used 13176K [0x000000076ab00000, 0x0000000774c00000, 0x00000007c0000000)
  eden space 162816K, 7% used [0x000000076ab00000,0x000000076b7a6848,0x0000000774a00000)
  from space 512K, 43% used [0x0000000774b80000,0x0000000774bb8010,0x0000000774c00000)
  to   space 1024K, 0% used [0x0000000774a00000,0x0000000774a00000,0x0000000774b00000)
 ParOldGen       total 657408K, used 465906K [0x00000006c0000000, 0x00000006e8200000, 0x000000076ab00000)
  object space 657408K, 70% used [0x00000006c0000000,0x00000006dc6fcb28,0x00000006e8200000)
 Metaspace       used 21151K, capacity 21580K, committed 21888K, reserved 1069056K
  class space    used 2535K, capacity 2646K, committed 2688K, reserved 1048576K

Card table byte_map: [0x00007fab9883f000,0x00007fab99040000] byte_map_base: 0x00007fab9523f000

Marking Bits: (ParMarkBitMap*) 0x00007fab9b394ee0
 Begin Bits: [0x00007fab5c000000, 0x00007fab60000000)
 End Bits:   [0x00007fab60000000, 0x00007fab64000000)

Polling page: 0x00007fab9bb42000

CodeCache: size=245760Kb used=6884Kb max_used=6895Kb free=238875Kb
 bounds [0x00007fab85000000, 0x00007fab856d0000, 0x00007fab94000000]
 total_blobs=2949 nmethods=2191 adapters=670
 compilation: enabled

Compilation events (10 events):
Event: 32,529 Thread 0x00007fab9457e800 2395       3       jdk.internal.org.objectweb.asm.MethodVisitor::<init> (35 bytes)
Event: 32,530 Thread 0x00007fab9457e800 nmethod 2395 0x00007fab856bd750 code [0x00007fab856bd8e0, 0x00007fab856bdbe8]
Event: 32,530 Thread 0x00007fab9457e800 2396       3       java.nio.CharBuffer::<init> (22 bytes)
Event: 32,531 Thread 0x00007fab9457e800 nmethod 2396 0x00007fab856b8c10 code [0x00007fab856b8d80, 0x00007fab856b8f48]
Event: 32,531 Thread 0x00007fab9457e800 2397   !   3       java.nio.CharBuffer::wrap (20 bytes)
Event: 32,531 Thread 0x00007fab9457e800 nmethod 2397 0x00007fab856bdd10 code [0x00007fab856bdea0, 0x00007fab856be278]
Event: 32,531 Thread 0x00007fab9457e800 2398       3       java.nio.HeapCharBuffer::<init> (14 bytes)
Event: 32,532 Thread 0x00007fab9457e800 nmethod 2398 0x00007fab856be510 code [0x00007fab856be680, 0x00007fab856be8c8]
Event: 33,049 Thread 0x00007fab94579800 2399       4       javax.swing.JComponent::getX (5 bytes)
Event: 33,050 Thread 0x00007fab94579800 nmethod 2399 0x00007fab856ac190 code [0x00007fab856ac2e0, 0x00007fab856ac338]

GC Heap History (10 events):
Event: 28,966 GC heap before
{Heap before GC invocations=43 (full 5):
 PSYoungGen      total 142336K, used 141024K [0x000000076ab00000, 0x0000000774000000, 0x00000007c0000000)
  eden space 140800K, 100% used [0x000000076ab00000,0x0000000773480000,0x0000000773480000)
  from space 1536K, 14% used [0x0000000773480000,0x00000007734b8010,0x0000000773600000)
  to   space 1536K, 0% used [0x0000000773e80000,0x0000000773e80000,0x0000000774000000)
 ParOldGen       total 657408K, used 465890K [0x00000006c0000000, 0x00000006e8200000, 0x000000076ab00000)
  object space 657408K, 70% used [0x00000006c0000000,0x00000006dc6f8b28,0x00000006e8200000)
 Metaspace       used 21089K, capacity 21558K, committed 21888K, reserved 1069056K
  class space    used 2530K, capacity 2643K, committed 2688K, reserved 1048576K
Event: 28,975 GC heap after
Heap after GC invocations=43 (full 5):
 PSYoungGen      total 150016K, used 288K [0x000000076ab00000, 0x0000000773f80000, 0x00000007c0000000)
  eden space 148992K, 0% used [0x000000076ab00000,0x000000076ab00000,0x0000000773c80000)
  from space 1024K, 28% used [0x0000000773e80000,0x0000000773ec8010,0x0000000773f80000)
  to   space 1536K, 0% used [0x0000000773c80000,0x0000000773c80000,0x0000000773e00000)
 ParOldGen       total 657408K, used 465890K [0x00000006c0000000, 0x00000006e8200000, 0x000000076ab00000)
  object space 657408K, 70% used [0x00000006c0000000,0x00000006dc6f8b28,0x00000006e8200000)
 Metaspace       used 21089K, capacity 21558K, committed 21888K, reserved 1069056K
  class space    used 2530K, capacity 2643K, committed 2688K, reserved 1048576K
}
Event: 29,988 GC heap before
{Heap before GC invocations=44 (full 5):
 PSYoungGen      total 150016K, used 149280K [0x000000076ab00000, 0x0000000773f80000, 0x00000007c0000000)
  eden space 148992K, 100% used [0x000000076ab00000,0x0000000773c80000,0x0000000773c80000)
  from space 1024K, 28% used [0x0000000773e80000,0x0000000773ec8010,0x0000000773f80000)
  to   space 1536K, 0% used [0x0000000773c80000,0x0000000773c80000,0x0000000773e00000)
 ParOldGen       total 657408K, used 465890K [0x00000006c0000000, 0x00000006e8200000, 0x000000076ab00000)
  object space 657408K, 70% used [0x00000006c0000000,0x00000006dc6f8b28,0x00000006e8200000)
 Metaspace       used 21096K, capacity 21558K, committed 21888K, reserved 1069056K
  class space    used 2530K, capacity 2643K, committed 2688K, reserved 1048576K
Event: 29,995 GC heap after
Heap after GC invocations=44 (full 5):
 PSYoungGen      total 150528K, used 128K [0x000000076ab00000, 0x0000000774700000, 0x00000007c0000000)
  eden space 148992K, 0% used [0x000000076ab00000,0x000000076ab00000,0x0000000773c80000)
  from space 1536K, 8% used [0x0000000773c80000,0x0000000773ca0000,0x0000000773e00000)
  to   space 1536K, 0% used [0x0000000774580000,0x0000000774580000,0x0000000774700000)
 ParOldGen       total 657408K, used 465898K [0x00000006c0000000, 0x00000006e8200000, 0x000000076ab00000)
  object space 657408K, 70% used [0x00000006c0000000,0x00000006dc6fab28,0x00000006e8200000)
 Metaspace       used 21096K, capacity 21558K, committed 21888K, reserved 1069056K
  class space    used 2530K, capacity 2643K, committed 2688K, reserved 1048576K
}
Event: 31,166 GC heap before
{Heap before GC invocations=45 (full 5):
 PSYoungGen      total 150528K, used 149120K [0x000000076ab00000, 0x0000000774700000, 0x00000007c0000000)
  eden space 148992K, 100% used [0x000000076ab00000,0x0000000773c80000,0x0000000773c80000)
  from space 1536K, 8% used [0x0000000773c80000,0x0000000773ca0000,0x0000000773e00000)
  to   space 1536K, 0% used [0x0000000774580000,0x0000000774580000,0x0000000774700000)
 ParOldGen       total 657408K, used 465898K [0x00000006c0000000, 0x00000006e8200000, 0x000000076ab00000)
  object space 657408K, 70% used [0x00000006c0000000,0x00000006dc6fab28,0x00000006e8200000)
 Metaspace       used 21114K, capacity 21558K, committed 21888K, reserved 1069056K
  class space    used 2530K, capacity 2643K, committed 2688K, reserved 1048576K
Event: 31,175 GC heap after
Heap after GC invocations=45 (full 5):
 PSYoungGen      total 157184K, used 320K [0x000000076ab00000, 0x0000000774680000, 0x00000007c0000000)
  eden space 156160K, 0% used [0x000000076ab00000,0x000000076ab00000,0x0000000774380000)
  from space 1024K, 31% used [0x0000000774580000,0x00000007745d0010,0x0000000774680000)
  to   space 1536K, 0% used [0x0000000774380000,0x0000000774380000,0x0000000774500000)
 ParOldGen       total 657408K, used 465898K [0x00000006c0000000, 0x00000006e8200000, 0x000000076ab00000)
  object space 657408K, 70% used [0x00000006c0000000,0x00000006dc6fab28,0x00000006e8200000)
 Metaspace       used 21114K, capacity 21558K, committed 21888K, reserved 1069056K
  class space    used 2530K, capacity 2643K, committed 2688K, reserved 1048576K
}
Event: 32,255 GC heap before
{Heap before GC invocations=46 (full 5):
 PSYoungGen      total 157184K, used 156480K [0x000000076ab00000, 0x0000000774680000, 0x00000007c0000000)
  eden space 156160K, 100% used [0x000000076ab00000,0x0000000774380000,0x0000000774380000)
  from space 1024K, 31% used [0x0000000774580000,0x00000007745d0010,0x0000000774680000)
  to   space 1536K, 0% used [0x0000000774380000,0x0000000774380000,0x0000000774500000)
 ParOldGen       total 657408K, used 465898K [0x00000006c0000000, 0x00000006e8200000, 0x000000076ab00000)
  object space 657408K, 70% used [0x00000006c0000000,0x00000006dc6fab28,0x00000006e8200000)
 Metaspace       used 21118K, capacity 21558K, committed 21888K, reserved 1069056K
  class space    used 2530K, capacity 2643K, committed 2688K, reserved 1048576K
Event: 32,266 GC heap after
Heap after GC invocations=46 (full 5):
 PSYoungGen      total 157696K, used 224K [0x000000076ab00000, 0x0000000774c80000, 0x00000007c0000000)
  eden space 156160K, 0% used [0x000000076ab00000,0x000000076ab00000,0x0000000774380000)
  from space 1536K, 14% used [0x0000000774380000,0x00000007743b8010,0x0000000774500000)
  to   space 1024K, 0% used [0x0000000774b80000,0x0000000774b80000,0x0000000774c80000)
 ParOldGen       total 657408K, used 465898K [0x00000006c0000000, 0x00000006e8200000, 0x000000076ab00000)
  object space 657408K, 70% used [0x00000006c0000000,0x00000006dc6fab28,0x00000006e8200000)
 Metaspace       used 21118K, capacity 21558K, committed 21888K, reserved 1069056K
  class space    used 2530K, capacity 2643K, committed 2688K, reserved 1048576K
}
Event: 33,064 GC heap before
{Heap before GC invocations=47 (full 5):
 PSYoungGen      total 157696K, used 156384K [0x000000076ab00000, 0x0000000774c80000, 0x00000007c0000000)
  eden space 156160K, 100% used [0x000000076ab00000,0x0000000774380000,0x0000000774380000)
  from space 1536K, 14% used [0x0000000774380000,0x00000007743b8010,0x0000000774500000)
  to   space 1024K, 0% used [0x0000000774b80000,0x0000000774b80000,0x0000000774c80000)
 ParOldGen       total 657408K, used 465898K [0x00000006c0000000, 0x00000006e8200000, 0x000000076ab00000)
  object space 657408K, 70% used [0x00000006c0000000,0x00000006dc6fab28,0x00000006e8200000)
 Metaspace       used 21151K, capacity 21580K, committed 21888K, reserved 1069056K
  class space    used 2535K, capacity 2646K, committed 2688K, reserved 1048576K
Event: 33,068 GC heap after
Heap after GC invocations=47 (full 5):
 PSYoungGen      total 163328K, used 224K [0x000000076ab00000, 0x0000000774c00000, 0x00000007c0000000)
  eden space 162816K, 0% used [0x000000076ab00000,0x000000076ab00000,0x0000000774a00000)
  from space 512K, 43% used [0x0000000774b80000,0x0000000774bb8010,0x0000000774c00000)
  to   space 1024K, 0% used [0x0000000774a00000,0x0000000774a00000,0x0000000774b00000)
 ParOldGen       total 657408K, used 465906K [0x00000006c0000000, 0x00000006e8200000, 0x000000076ab00000)
  object space 657408K, 70% used [0x00000006c0000000,0x00000006dc6fcb28,0x00000006e8200000)
 Metaspace       used 21151K, capacity 21580K, committed 21888K, reserved 1069056K
  class space    used 2535K, capacity 2646K, committed 2688K, reserved 1048576K
}

Deoptimization events (10 events):
Event: 9,945 Thread 0x00007faafc09a000 Uncommon trap: reason=unstable_if action=reinterpret pc=0x00007fab85559160 method=java.io.BufferedInputStream.fill()V @ 9
Event: 9,946 Thread 0x00007faafc09a000 Uncommon trap: reason=class_check action=maybe_recompile pc=0x00007fab85550704 method=java.util.zip.InflaterInputStream.fill()V @ 19
Event: 9,949 Thread 0x00007faafc09a000 Uncommon trap: reason=class_check action=maybe_recompile pc=0x00007fab85550704 method=java.util.zip.InflaterInputStream.fill()V @ 19
Event: 9,950 Thread 0x00007faafc09a000 Uncommon trap: reason=class_check action=maybe_recompile pc=0x00007fab85550704 method=java.util.zip.InflaterInputStream.fill()V @ 19
Event: 9,953 Thread 0x00007faafc09a000 Uncommon trap: reason=class_check action=maybe_recompile pc=0x00007fab85550704 method=java.util.zip.InflaterInputStream.fill()V @ 19
Event: 9,958 Thread 0x00007faafc09a000 Uncommon trap: reason=class_check action=maybe_recompile pc=0x00007fab85546ba4 method=java.util.zip.InflaterInputStream.fill()V @ 19
Event: 13,287 Thread 0x00007fab1423f800 Uncommon trap: reason=bimorphic action=maybe_recompile pc=0x00007fab8531055c method=java.util.HashMap.putVal(ILjava/lang/Object;Ljava/lang/Object;ZZ)Ljava/lang/Object; @ 253
Event: 13,287 Thread 0x00007fab1423f800 Uncommon trap: reason=bimorphic action=maybe_recompile pc=0x00007fab8531055c method=java.util.HashMap.putVal(ILjava/lang/Object;Ljava/lang/Object;ZZ)Ljava/lang/Object; @ 253
Event: 24,702 Thread 0x00007faafc09f800 Uncommon trap: reason=unstable_if action=reinterpret pc=0x00007fab855cd8dc method=java.awt.image.AreaAveragingScaleFilter.accumPixels(IIIILjava/awt/image/ColorModel;Ljava/lang/Object;II)V @ 280
Event: 25,344 Thread 0x00007fab1423a000 Uncommon trap: reason=unstable_if action=reinterpret pc=0x00007fab855b4eb8 method=java.awt.image.ComponentColorModel.getRGB(Ljava/lang/Object;)I @ 4

Classes redefined (0 events):
No events

Internal exceptions (10 events):
Event: 0,679 Thread 0x00007fab9400d800 Exception <a 'java/io/FileNotFoundException'> (0x000000076b1a2520) thrown at [/home/centos/8/hotspot/src/share/vm/prims/jni.cpp, line 711]
Event: 0,679 Thread 0x00007fab9400d800 Exception <a 'java/io/FileNotFoundException'> (0x000000076b1a2eb8) thrown at [/home/centos/8/hotspot/src/share/vm/prims/jni.cpp, line 711]
Event: 0,717 Thread 0x00007fab9400d800 Exception <a 'java/lang/ClassNotFoundException': sun/dc/DuctusRenderingEngine> (0x000000076b20b188) thrown at [/home/centos/8/hotspot/src/share/vm/classfile/systemDictionary.cpp, line 217]
Event: 2,551 Thread 0x00007fab946d8000 Exception <a 'java/lang/UnsupportedOperationException': > (0x000000076aeda848) thrown at [/home/centos/8/hotspot/src/share/vm/prims/jni.cpp, line 738]
Event: 3,759 Thread 0x00007fab946d8000 Exception <a 'java/lang/UnsupportedOperationException': > (0x000000076b02c908) thrown at [/home/centos/8/hotspot/src/share/vm/prims/jni.cpp, line 738]
Event: 13,192 Thread 0x00007faafc09a000 Exception <a 'java/lang/InterruptedException': sleep interrupted> (0x000000076e0fda00) thrown at [/home/centos/8/hotspot/src/share/vm/prims/jvm.cpp, line 3327]
Event: 13,540 Thread 0x00007fab946d8000 Exception <a 'java/lang/UnsupportedOperationException': > (0x000000076b423a70) thrown at [/home/centos/8/hotspot/src/share/vm/prims/jni.cpp, line 738]
Event: 26,147 Thread 0x00007fab14055000 Exception <a 'java/lang/NoSuchMethodError': java.lang.Object.lambda$minBy$0(Ljava/util/Comparator;Ljava/lang/Object;Ljava/lang/Object;)Ljava/lang/Object;> (0x000000076b0a0400) thrown at [/home/centos/8/hotspot/src/share/vm/interpreter/linkResolver.cpp, li
Event: 26,154 Thread 0x00007fab14055000 Exception <a 'java/lang/NoSuchMethodError': java.lang.Object.lambda$maxBy$1(Ljava/util/Comparator;Ljava/lang/Object;Ljava/lang/Object;)Ljava/lang/Object;> (0x000000076b33ca40) thrown at [/home/centos/8/hotspot/src/share/vm/interpreter/linkResolver.cpp, li
Event: 32,527 Thread 0x00007fab14055000 Exception <a 'java/io/FileNotFoundException'> (0x000000076ba38988) thrown at [/home/centos/8/hotspot/src/share/vm/prims/jni.cpp, line 711]

Events (10 events):
Event: 32,529 loading class java/util/NoSuchElementException done
Event: 32,530 loading class java/lang/Throwable$WrappedPrintStream
Event: 32,530 loading class java/lang/Throwable$PrintStreamOrWriter
Event: 32,530 loading class java/lang/Throwable$PrintStreamOrWriter done
Event: 32,530 loading class java/lang/Throwable$WrappedPrintStream done
Event: 32,531 Thread 0x00007fab14055000 Thread exited: 0x00007fab14055000
Event: 33,064 Executing VM operation: ParallelGCFailedAllocation
Event: 33,068 Executing VM operation: ParallelGCFailedAllocation done
Event: 33,102 Executing VM operation: RevokeBias
Event: 33,102 Executing VM operation: RevokeBias done


Dynamic libraries:
6c0000000-6e8200000 rw-p 00000000 00:00 0 
6e8200000-76ab00000 ---p 00000000 00:00 0 
76ab00000-774c00000 rw-p 00000000 00:00 0 
774c00000-7c0000000 ---p 00000000 00:00 0 
7c0000000-7c02a0000 rw-p 00000000 00:00 0 
7c02a0000-800000000 ---p 00000000 00:00 0 
55a2bca00000-55a2bca01000 r-xp 00000000 103:02 30283536                  /usr/lib/jvm/opendjk-8/jre/bin/java
55a2bcc00000-55a2bcc01000 r--p 00000000 103:02 30283536                  /usr/lib/jvm/opendjk-8/jre/bin/java
55a2bcc01000-55a2bcc02000 rw-p 00001000 103:02 30283536                  /usr/lib/jvm/opendjk-8/jre/bin/java
55a2bcc44000-55a2bcc65000 rw-p 00000000 00:00 0                          [heap]
7faab8000000-7faab8021000 rw-p 00000000 00:00 0 
7faab8021000-7faabc000000 ---p 00000000 00:00 0 
7faac0000000-7faac0021000 rw-p 00000000 00:00 0 
7faac0021000-7faac4000000 ---p 00000000 00:00 0 
7faac77ff000-7faac7800000 ---p 00000000 00:00 0 
7faac7800000-7faac8000000 rw-p 00000000 00:00 0 
7faac8000000-7faac8021000 rw-p 00000000 00:00 0 
7faac8021000-7faacc000000 ---p 00000000 00:00 0 
7faacc000000-7faacc021000 rw-p 00000000 00:00 0 
7faacc021000-7faad0000000 ---p 00000000 00:00 0 
7faad0000000-7faad0021000 rw-p 00000000 00:00 0 
7faad0021000-7faad4000000 ---p 00000000 00:00 0 
7faad4000000-7faad4021000 rw-p 00000000 00:00 0 
7faad4021000-7faad8000000 ---p 00000000 00:00 0 
7faad8000000-7faad8021000 rw-p 00000000 00:00 0 
7faad8021000-7faadc000000 ---p 00000000 00:00 0 
7faaec000000-7faaec026000 rw-p 00000000 00:00 0 
7faaec026000-7faaf0000000 ---p 00000000 00:00 0 
7faaf4000000-7faaf42ae000 rw-p 00000000 00:00 0 
7faaf42ae000-7faaf8000000 ---p 00000000 00:00 0 
7faaf8000000-7faafa094000 rw-p 00000000 00:00 0 
7faafa094000-7faafc000000 ---p 00000000 00:00 0 
7faafc000000-7faafc0eb000 rw-p 00000000 00:00 0 
7faafc0eb000-7fab00000000 ---p 00000000 00:00 0 
7fab00000000-7fab00021000 rw-p 00000000 00:00 0 
7fab00021000-7fab04000000 ---p 00000000 00:00 0 
7fab042fd000-7fab042fe000 ---p 00000000 00:00 0 
7fab042fe000-7fab04afe000 rw-p 00000000 00:00 0 
7fab04afe000-7fab04aff000 ---p 00000000 00:00 0 
7fab04aff000-7fab08000000 rw-p 00000000 00:00 0 
7fab08000000-7fab08021000 rw-p 00000000 00:00 0 
7fab08021000-7fab0c000000 ---p 00000000 00:00 0 
7fab0c000000-7fab0c021000 rw-p 00000000 00:00 0 
7fab0c021000-7fab10000000 ---p 00000000 00:00 0 
7fab10000000-7fab10021000 rw-p 00000000 00:00 0 
7fab10021000-7fab14000000 ---p 00000000 00:00 0 
7fab14000000-7fab14385000 rw-p 00000000 00:00 0 
7fab14385000-7fab18000000 ---p 00000000 00:00 0 
7fab18000000-7fab18021000 rw-p 00000000 00:00 0 
7fab18021000-7fab1c000000 ---p 00000000 00:00 0 
7fab1c000000-7fab1c031000 rw-p 00000000 00:00 0 
7fab1c031000-7fab20000000 ---p 00000000 00:00 0 
7fab20000000-7fab20021000 rw-p 00000000 00:00 0 
7fab20021000-7fab24000000 ---p 00000000 00:00 0 
7fab242fc000-7fab242fd000 ---p 00000000 00:00 0 
7fab242fd000-7fab24afd000 rw-p 00000000 00:00 0 
7fab24afd000-7fab24afe000 ---p 00000000 00:00 0 
7fab24afe000-7fab252fe000 rw-p 00000000 00:00 0 
7fab252fe000-7fab252ff000 ---p 00000000 00:00 0 
7fab252ff000-7fab25aff000 rw-p 00000000 00:00 0 
7fab25aff000-7fab25b00000 ---p 00000000 00:00 0 
7fab25b00000-7fab263c0000 rw-p 00000000 00:00 0 
7fab263c0000-7fab26500000 ---p 00000000 00:00 0 
7fab26500000-7fab26503000 ---p 00000000 00:00 0 
7fab26503000-7fab26600000 rw-p 00000000 00:00 0 
7fab26600000-7fab26603000 ---p 00000000 00:00 0 
7fab26603000-7fab26900000 rw-p 00000000 00:00 0 
7fab26900000-7fab26b00000 rw-p 00000000 00:00 0 
7fab26b00000-7fab26b03000 ---p 00000000 00:00 0 
7fab26b03000-7fab26c00000 rw-p 00000000 00:00 0 
7fab26c00000-7fab26c03000 ---p 00000000 00:00 0 
7fab26c03000-7fab26f00000 rw-p 00000000 00:00 0 
7fab26f00000-7fab26f03000 ---p 00000000 00:00 0 
7fab26f03000-7fab27000000 rw-p 00000000 00:00 0 
7fab27000000-7fab27003000 ---p 00000000 00:00 0 
7fab27003000-7fab27300000 rw-p 00000000 00:00 0 
7fab27300000-7fab27500000 rw-p 00000000 00:00 0 
7fab27500000-7fab27503000 ---p 00000000 00:00 0 
7fab27503000-7fab27600000 rw-p 00000000 00:00 0 
7fab27600000-7fab27662000 r-xp 00000000 103:02 30283435                  /usr/lib/jvm/opendjk-8/jre/lib/amd64/libfontmanager.so
7fab27662000-7fab27862000 ---p 00062000 103:02 30283435                  /usr/lib/jvm/opendjk-8/jre/lib/amd64/libfontmanager.so
7fab27862000-7fab27866000 r--p 00062000 103:02 30283435                  /usr/lib/jvm/opendjk-8/jre/lib/amd64/libfontmanager.so
7fab27866000-7fab27867000 rw-p 00066000 103:02 30283435                  /usr/lib/jvm/opendjk-8/jre/lib/amd64/libfontmanager.so
7fab27867000-7fab27879000 rw-p 00000000 00:00 0 
7fab27900000-7fab27903000 ---p 00000000 00:00 0 
7fab27903000-7fab27a00000 rw-p 00000000 00:00 0 
7fab27a00000-7fab27a5c000 r-xp 00000000 103:02 30283469                  /usr/lib/jvm/opendjk-8/jre/lib/amd64/libawt_xawt.so
7fab27a5c000-7fab27c5b000 ---p 0005c000 103:02 30283469                  /usr/lib/jvm/opendjk-8/jre/lib/amd64/libawt_xawt.so
7fab27c5b000-7fab27c5c000 r--p 0005b000 103:02 30283469                  /usr/lib/jvm/opendjk-8/jre/lib/amd64/libawt_xawt.so
7fab27c5c000-7fab27c5f000 rw-p 0005c000 103:02 30283469                  /usr/lib/jvm/opendjk-8/jre/lib/amd64/libawt_xawt.so
7fab27c5f000-7fab27c61000 rw-p 00000000 00:00 0 
7fab27d00000-7fab27d03000 ---p 00000000 00:00 0 
7fab27d03000-7fab27e00000 rw-p 00000000 00:00 0 
7fab27e00000-7fab280de000 r--p 00000000 103:02 14680076                  /tmp/DS4H_OpenCVLibrary5627326677356273621.so
7fab280de000-7fab2ae39000 r-xp 002de000 103:02 14680076                  /tmp/DS4H_OpenCVLibrary5627326677356273621.so
7fab2ae39000-7fab2bb4d000 r--p 03039000 103:02 14680076                  /tmp/DS4H_OpenCVLibrary5627326677356273621.so
7fab2bb4d000-7fab2bbce000 r--p 03d4c000 103:02 14680076                  /tmp/DS4H_OpenCVLibrary5627326677356273621.so
7fab2bbce000-7fab2bc2b000 rw-p 03dcd000 103:02 14680076                  /tmp/DS4H_OpenCVLibrary5627326677356273621.so
7fab2bc2b000-7fab2be3f000 rw-p 00000000 00:00 0 
7fab2bf00000-7fab2bf03000 ---p 00000000 00:00 0 
7fab2bf03000-7fab2c000000 rw-p 00000000 00:00 0 
7fab2c000000-7fab2c021000 rw-p 00000000 00:00 0 
7fab2c021000-7fab30000000 ---p 00000000 00:00 0 
7fab30000000-7fab30021000 rw-p 00000000 00:00 0 
7fab30021000-7fab34000000 ---p 00000000 00:00 0 
7fab34000000-7fab344de000 rw-p 00000000 00:00 0 
7fab344de000-7fab38000000 ---p 00000000 00:00 0 
7fab38000000-7fab38587000 rw-p 00000000 00:00 0 
7fab38587000-7fab3c000000 ---p 00000000 00:00 0 
7fab3c000000-7fab3c3e7000 rw-p 00000000 00:00 0 
7fab3c3e7000-7fab40000000 ---p 00000000 00:00 0 
7fab40000000-7fab40429000 rw-p 00000000 00:00 0 
7fab40429000-7fab44000000 ---p 00000000 00:00 0 
7fab44000000-7fab44021000 rw-p 00000000 00:00 0 
7fab44021000-7fab48000000 ---p 00000000 00:00 0 
7fab48000000-7fab4803f000 rw-p 00000000 00:00 0 
7fab4803f000-7fab4c000000 ---p 00000000 00:00 0 
7fab4c000000-7fab4c021000 rw-p 00000000 00:00 0 
7fab4c021000-7fab50000000 ---p 00000000 00:00 0 
7fab50000000-7fab50826000 rw-p 00000000 00:00 0 
7fab50826000-7fab54000000 ---p 00000000 00:00 0 
7fab54000000-7fab54021000 rw-p 00000000 00:00 0 
7fab54021000-7fab58000000 ---p 00000000 00:00 0 
7fab580c0000-7fab580d9000 r--p 00000000 103:02 30150509                  /usr/lib/x86_64-linux-gnu/libX11.so.6.4.0
7fab580d9000-7fab58165000 r-xp 00019000 103:02 30150509                  /usr/lib/x86_64-linux-gnu/libX11.so.6.4.0
7fab58165000-7fab581fa000 r--p 000a5000 103:02 30150509                  /usr/lib/x86_64-linux-gnu/libX11.so.6.4.0
7fab581fa000-7fab581fb000 ---p 0013a000 103:02 30150509                  /usr/lib/x86_64-linux-gnu/libX11.so.6.4.0
7fab581fb000-7fab581fc000 r--p 0013a000 103:02 30150509                  /usr/lib/x86_64-linux-gnu/libX11.so.6.4.0
7fab581fc000-7fab58200000 rw-p 0013b000 103:02 30150509                  /usr/lib/x86_64-linux-gnu/libX11.so.6.4.0
7fab58200000-7fab582a1000 r-xp 00000000 103:02 30283441                  /usr/lib/jvm/opendjk-8/jre/lib/amd64/libawt.so
7fab582a1000-7fab584a0000 ---p 000a1000 103:02 30283441                  /usr/lib/jvm/opendjk-8/jre/lib/amd64/libawt.so
7fab584a0000-7fab584a1000 r--p 000a0000 103:02 30283441                  /usr/lib/jvm/opendjk-8/jre/lib/amd64/libawt.so
7fab584a1000-7fab584ac000 rw-p 000a1000 103:02 30283441                  /usr/lib/jvm/opendjk-8/jre/lib/amd64/libawt.so
7fab584ac000-7fab584d1000 rw-p 00000000 00:00 0 
7fab58500000-7fab58503000 ---p 00000000 00:00 0 
7fab58503000-7fab58600000 rw-p 00000000 00:00 0 
7fab58600000-7fab5869a000 r--p 00000000 103:02 30149730                  /usr/lib/x86_64-linux-gnu/libstdc++.so.6.0.30
7fab5869a000-7fab587aa000 r-xp 0009a000 103:02 30149730                  /usr/lib/x86_64-linux-gnu/libstdc++.so.6.0.30
7fab587aa000-7fab58819000 r--p 001aa000 103:02 30149730                  /usr/lib/x86_64-linux-gnu/libstdc++.so.6.0.30
7fab58819000-7fab58824000 r--p 00218000 103:02 30149730                  /usr/lib/x86_64-linux-gnu/libstdc++.so.6.0.30
7fab58824000-7fab58827000 rw-p 00223000 103:02 30149730                  /usr/lib/x86_64-linux-gnu/libstdc++.so.6.0.30
7fab58827000-7fab5882a000 rw-p 00000000 00:00 0 
7fab588fc000-7fab588fd000 ---p 00000000 00:00 0 
7fab588fd000-7fab589fd000 rw-p 00000000 00:00 0 
7fab589fd000-7fab58a00000 ---p 00000000 00:00 0 
7fab58a00000-7fab58afd000 rw-p 00000000 00:00 0 
7fab58afd000-7fab58afe000 ---p 00000000 00:00 0 
7fab58afe000-7fab58b01000 ---p 00000000 00:00 0 
7fab58b01000-7fab58bfe000 rw-p 00000000 00:00 0 
7fab58bfe000-7fab58bff000 ---p 00000000 00:00 0 
7fab58bff000-7fab58c02000 ---p 00000000 00:00 0 
7fab58c02000-7fab58cff000 rw-p 00000000 00:00 0 
7fab58cff000-7fab58d00000 ---p 00000000 00:00 0 
7fab58d00000-7fab58d03000 ---p 00000000 00:00 0 
7fab58d03000-7fab58e00000 rw-p 00000000 00:00 0 
7fab58e00000-7fab58e18000 r-xp 00000000 103:02 30283460                  /usr/lib/jvm/opendjk-8/jre/lib/amd64/libnet.so
7fab58e18000-7fab59017000 ---p 00018000 103:02 30283460                  /usr/lib/jvm/opendjk-8/jre/lib/amd64/libnet.so
7fab59017000-7fab59018000 r--p 00017000 103:02 30283460                  /usr/lib/jvm/opendjk-8/jre/lib/amd64/libnet.so
7fab59018000-7fab59019000 rw-p 00018000 103:02 30283460                  /usr/lib/jvm/opendjk-8/jre/lib/amd64/libnet.so
7fab590de000-7fab590e9000 r--s 00000000 103:02 2625400                   /var/cache/fontconfig/33bd638a-351f-4372-827f-0ac98d6f9747-le64.cache-7
7fab590e9000-7fab590ff000 r--s 00000000 103:02 2625395                   /var/cache/fontconfig/460ee08e-8781-4b33-8762-a6459556b589-le64.cache-7
7fab590ff000-7fab59100000 ---p 00000000 00:00 0 
7fab59100000-7fab59103000 ---p 00000000 00:00 0 
7fab59103000-7fab59200000 rw-p 00000000 00:00 0 
7fab59200000-7fab59211000 r-xp 00000000 103:02 30283434                  /usr/lib/jvm/opendjk-8/jre/lib/amd64/libnio.so
7fab59211000-7fab59411000 ---p 00011000 103:02 30283434                  /usr/lib/jvm/opendjk-8/jre/lib/amd64/libnio.so
7fab59411000-7fab59412000 r--p 00011000 103:02 30283434                  /usr/lib/jvm/opendjk-8/jre/lib/amd64/libnio.so
7fab59412000-7fab59413000 rw-p 00012000 103:02 30283434                  /usr/lib/jvm/opendjk-8/jre/lib/amd64/libnio.so
7fab59415000-7fab59421000 r--s 00000000 103:02 2625399                   /var/cache/fontconfig/9f688ddd-121f-4fe1-9cc8-52cddb7cb9ce-le64.cache-7
7fab59421000-7fab59427000 r--s 00000000 103:02 2625397                   /var/cache/fontconfig/a0b9c1d7-fa08-4ac9-a14f-e0ebad6ca5bb-le64.cache-7
7fab59427000-7fab59428000 r--s 00000000 103:02 2625396                   /var/cache/fontconfig/42098491-4e92-4dad-997c-d2637c558f95-le64.cache-7
7fab59428000-7fab59429000 r--s 00000000 103:02 2625394                   /var/cache/fontconfig/26a14622-ada6-4334-bf07-b2020a36f57c-le64.cache-7
7fab59429000-7fab59431000 r--s 00000000 103:02 2625393                   /var/cache/fontconfig/8afffb17-eedc-4c98-8109-e9e4d7aa053d-le64.cache-7
7fab59431000-7fab59432000 r--s 00000000 103:02 2625392                   /var/cache/fontconfig/b7da47d9-e13c-4d83-99a6-bc3fe91c4c10-le64.cache-7
7fab59432000-7fab59434000 r--s 00000000 103:02 2625391                   /var/cache/fontconfig/1838f923-9848-4f7f-a46b-18e794831829-le64.cache-7
7fab59434000-7fab59435000 r--s 00000000 103:02 2625390                   /var/cache/fontconfig/7ad03be4-5a0f-4cae-a1f7-1c4fc1600210-le64.cache-7
7fab59435000-7fab59437000 r--s 00000000 103:02 2625389                   /var/cache/fontconfig/5707ca0f-ffce-405d-bdd8-aaf8534fdb31-le64.cache-7
7fab59437000-7fab59439000 r--s 00000000 103:02 2625388                   /var/cache/fontconfig/d48ce1f4-af81-4bb5-9d66-016affcf4af7-le64.cache-7
7fab59439000-7fab5943c000 r--s 00000000 103:02 2624611                   /var/cache/fontconfig/e890ca0d-f716-4b33-bb20-f972d7c15e5c-le64.cache-7
7fab5943c000-7fab59477000 r--s 00000000 103:02 2625384                   /var/cache/fontconfig/ec335cac-e39f-4e6f-a59a-380aaf02bfe7-le64.cache-7
7fab59477000-7fab5947c000 r--s 00000000 103:02 2625383                   /var/cache/fontconfig/b5e68f15-e4ce-417c-885c-b4a46c8e94ac-le64.cache-7
7fab5947c000-7fab5947d000 r--s 00000000 103:02 2625375                   /var/cache/fontconfig/e8bb9b15-574d-47ca-b372-167757cf6853-le64.cache-7
7fab5947d000-7fab5947e000 r--s 00000000 103:02 2625373                   /var/cache/fontconfig/75ac1527-31ac-4dd8-9d63-d7427cbfbab7-le64.cache-7
7fab5947e000-7fab5947f000 r--s 00000000 103:02 2625371                   /var/cache/fontconfig/3aecdfd6-51d3-4370-9076-c9ae2419dda2-le64.cache-7
7fab5947f000-7fab59480000 r--s 00000000 103:02 2625370                   /var/cache/fontconfig/9ba6221b-5204-456f-b3b9-f46b8e9dca52-le64.cache-7
7fab59480000-7fab59481000 r--s 00000000 103:02 2625369                   /var/cache/fontconfig/9680b975-374b-45c3-8c64-3bb5263b4d31-le64.cache-7
7fab59481000-7fab59482000 r--s 00000000 103:02 2625368                   /var/cache/fontconfig/a0170132-3955-48d2-95ac-9635ceaad669-le64.cache-7
7fab59482000-7fab59483000 r--s 00000000 103:02 2625364                   /var/cache/fontconfig/a0e6ce05-fed6-4158-936f-02f1cbfc036f-le64.cache-7
7fab59483000-7fab59484000 r--s 00000000 103:02 2625362                   /var/cache/fontconfig/f899a114-e301-4f76-9a62-892de4d1b40e-le64.cache-7
7fab59484000-7fab59485000 r--s 00000000 103:02 2625360                   /var/cache/fontconfig/23d14c7b-a218-4ac5-8141-03449a44b27d-le64.cache-7
7fab59485000-7fab59486000 r--s 00000000 103:02 2625359                   /var/cache/fontconfig/db629089-27d6-45cb-be6d-93aa41342839-le64.cache-7
7fab59486000-7fab59487000 r--s 00000000 103:02 2625355                   /var/cache/fontconfig/214c7e0d-b4b0-449f-9588-e307e8314193-le64.cache-7
7fab59487000-7fab5948d000 r--s 00000000 103:02 2625353                   /var/cache/fontconfig/3f219063-e6f5-48e2-9345-eb10f3f2515a-le64.cache-7
7fab5948d000-7fab59494000 r--s 00000000 103:02 2625349                   /var/cache/fontconfig/47e1f156-2db1-44a2-9f14-6af2349bbbde-le64.cache-7
7fab59494000-7fab5949a000 r--s 00000000 103:02 2625345                   /var/cache/fontconfig/dae891c2-b7b8-401b-8f2d-156458e9fef6-le64.cache-7
7fab5949a000-7fab594cf000 r--s 00000000 103:02 19798033                  /home/matteo/.cache/fontconfig/2f6288c8-ceb9-447d-9038-9e240b3c489f-le64.cache-7
7fab594ee000-7fab594f4000 r--p 00000000 103:02 30152812                  /usr/lib/x86_64-linux-gnu/libOpenCL.so.1.0.0
7fab594f4000-7fab594fa000 r-xp 00006000 103:02 30152812                  /usr/lib/x86_64-linux-gnu/libOpenCL.so.1.0.0
7fab594fa000-7fab594fe000 r--p 0000c000 103:02 30152812                  /usr/lib/x86_64-linux-gnu/libOpenCL.so.1.0.0
7fab594fe000-7fab594ff000 r--p 0000f000 103:02 30152812                  /usr/lib/x86_64-linux-gnu/libOpenCL.so.1.0.0
7fab594ff000-7fab59500000 rw-p 00010000 103:02 30152812                  /usr/lib/x86_64-linux-gnu/libOpenCL.so.1.0.0
7fab59500000-7fab59503000 ---p 00000000 00:00 0 
7fab59503000-7fab59600000 rw-p 00000000 00:00 0 
7fab59600000-7fab59b75000 r--p 00000000 103:02 30149566                  /usr/lib/locale/locale-archive
7fab59b75000-7fab59b76000 r--s 00000000 103:02 2624830                   /var/cache/fontconfig/6655d6b7-4efc-4083-846b-60f3d10b4d60-le64.cache-7
7fab59b76000-7fab59b77000 r--s 00000000 103:02 2625347                   /var/cache/fontconfig/1f9c574b-41e5-45f0-8b7d-fa25b8d2c453-le64.cache-7
7fab59b77000-7fab59b78000 r--s 00000000 103:02 2625346                   /var/cache/fontconfig/53eb91e3-4cfc-4665-b828-b1eac16b42df-le64.cache-7
7fab59b78000-7fab59b8b000 r--s 00000000 103:02 2625344                   /var/cache/fontconfig/cf311eef-f7d6-40ce-b402-3892d9173961-le64.cache-7
7fab59b8b000-7fab59b91000 r--s 00000000 103:02 2625317                   /var/cache/fontconfig/8fd1bc4c-7746-4d1e-b9b3-bc38475424d3-le64.cache-7
7fab59b91000-7fab59b9d000 r--s 00000000 103:02 2622991                   /var/cache/fontconfig/8d895383-8197-47aa-888f-edb604cd12c7-le64.cache-7
7fab59ba7000-7fab59be7000 rw-s 00000000 00:01 1671184                    /SYSV00000000 (deleted)
7fab59be7000-7fab59bea000 ---p 00000000 00:00 0 
7fab59bea000-7fab59ce7000 rw-p 00000000 00:00 0 
7fab59ce7000-7fab59cea000 ---p 00000000 00:00 0 
7fab59cea000-7fab59de7000 rw-p 00000000 00:00 0 
7fab59de7000-7fab59dea000 ---p 00000000 00:00 0 
7fab59dea000-7fab59ee7000 rw-p 00000000 00:00 0 
7fab59ee7000-7fab59ee8000 ---p 00000000 00:00 0 
7fab59ee8000-7fab64000000 rw-p 00000000 00:00 0 
7fab64000000-7fab64021000 rw-p 00000000 00:00 0 
7fab64021000-7fab68000000 ---p 00000000 00:00 0 
7fab68000000-7fab68021000 rw-p 00000000 00:00 0 
7fab68021000-7fab6c000000 ---p 00000000 00:00 0 
7fab6c000000-7fab6c021000 rw-p 00000000 00:00 0 
7fab6c021000-7fab70000000 ---p 00000000 00:00 0 
7fab70000000-7fab70021000 rw-p 00000000 00:00 0 
7fab70021000-7fab74000000 ---p 00000000 00:00 0 
7fab74000000-7fab74021000 rw-p 00000000 00:00 0 
7fab74021000-7fab78000000 ---p 00000000 00:00 0 
7fab78000000-7fab78021000 rw-p 00000000 00:00 0 
7fab78021000-7fab7c000000 ---p 00000000 00:00 0 
7fab7c000000-7fab7c021000 rw-p 00000000 00:00 0 
7fab7c021000-7fab80000000 ---p 00000000 00:00 0 
7fab80000000-7fab80021000 rw-p 00000000 00:00 0 
7fab80021000-7fab84000000 ---p 00000000 00:00 0 
7fab84000000-7fab84001000 r--s 00000000 103:02 2625313                   /var/cache/fontconfig/e767592b-e45b-4165-930b-4078d0a28777-le64.cache-7
7fab84001000-7fab8400f000 r--s 00000000 103:02 2625289                   /var/cache/fontconfig/2a4bdbd9-2b44-4487-8e06-2712339d2477-le64.cache-7
7fab8400f000-7fab8401f000 r--s 00000000 103:02 2625288                   /var/cache/fontconfig/c4323fa9-e960-4ba7-bd6d-5048956cb995-le64.cache-7
7fab84028000-7fab8432b000 rw-p 00000000 00:00 0 
7fab8432b000-7fab844fd000 r--s 03cbc000 103:02 30283413                  /usr/lib/jvm/opendjk-8/jre/lib/rt.jar
7fab844fd000-7fab84cfd000 rw-p 00000000 00:00 0 
7fab84cfd000-7fab84cfe000 ---p 00000000 00:00 0 
7fab84cfe000-7fab84dfe000 rw-p 00000000 00:00 0 
7fab84dfe000-7fab84dff000 ---p 00000000 00:00 0 
7fab84dff000-7fab84eff000 rw-p 00000000 00:00 0 
7fab84eff000-7fab84f00000 ---p 00000000 00:00 0 
7fab84f00000-7fab85000000 rw-p 00000000 00:00 0 
7fab85000000-7fab856d0000 rwxp 00000000 00:00 0 
7fab856d0000-7fab94000000 ---p 00000000 00:00 0 
7fab94000000-7fab9488a000 rw-p 00000000 00:00 0 
7fab9488a000-7fab98000000 ---p 00000000 00:00 0 
7fab98000000-7fab98001000 r--s 00000000 103:02 2625311                   /var/cache/fontconfig/8d252781-9c29-436e-b745-9de9079621fa-le64.cache-7
7fab98001000-7fab98002000 r--s 00000000 103:02 2625310                   /var/cache/fontconfig/92ce998b-11a8-4fc7-8ff9-82aadd1df118-le64.cache-7
7fab98002000-7fab98005000 r--s 00000000 103:02 2625304                   /var/cache/fontconfig/b409a77a-abe0-4b11-89c6-c8b9d21b989c-le64.cache-7
7fab98005000-7fab98007000 r--s 00000000 103:02 2625303                   /var/cache/fontconfig/f6dc07f6-b8e7-4a33-b763-4d8ea71ec316-le64.cache-7
7fab9801f000-7fab9802c000 r--p 00000000 103:02 30147879                  /usr/lib/x86_64-linux-gnu/libfreetype.so.6.18.1
7fab9802c000-7fab980b5000 r-xp 0000d000 103:02 30147879                  /usr/lib/x86_64-linux-gnu/libfreetype.so.6.18.1
7fab980b5000-7fab980de000 r--p 00096000 103:02 30147879                  /usr/lib/x86_64-linux-gnu/libfreetype.so.6.18.1
7fab980de000-7fab980df000 ---p 000bf000 103:02 30147879                  /usr/lib/x86_64-linux-gnu/libfreetype.so.6.18.1
7fab980df000-7fab980e6000 r--p 000bf000 103:02 30147879                  /usr/lib/x86_64-linux-gnu/libfreetype.so.6.18.1
7fab980e6000-7fab980e7000 rw-p 000c6000 103:02 30147879                  /usr/lib/x86_64-linux-gnu/libfreetype.so.6.18.1
7fab980e7000-7fab980e8000 ---p 00000000 00:00 0 
7fab980e8000-7fab981e8000 rw-p 00000000 00:00 0 
7fab981e8000-7fab981e9000 ---p 00000000 00:00 0 
7fab981e9000-7fab9842a000 rw-p 00000000 00:00 0 
7fab9842a000-7fab9883f000 ---p 00000000 00:00 0 
7fab9883f000-7fab98980000 rw-p 00000000 00:00 0 
7fab98980000-7fab98d94000 ---p 00000000 00:00 0 
7fab98d94000-7fab98de5000 rw-p 00000000 00:00 0 
7fab98de5000-7fab9903f000 ---p 00000000 00:00 0 
7fab9903f000-7fab9905c000 rw-p 00000000 00:00 0 
7fab9905c000-7fab99400000 ---p 00000000 00:00 0 
7fab99400000-7fab9941b000 r-xp 00000000 103:02 30283432                  /usr/lib/jvm/opendjk-8/jre/lib/amd64/libzip.so
7fab9941b000-7fab9961a000 ---p 0001b000 103:02 30283432                  /usr/lib/jvm/opendjk-8/jre/lib/amd64/libzip.so
7fab9961a000-7fab9961b000 r--p 0001a000 103:02 30283432                  /usr/lib/jvm/opendjk-8/jre/lib/amd64/libzip.so
7fab9961b000-7fab9961c000 rw-p 0001b000 103:02 30283432                  /usr/lib/jvm/opendjk-8/jre/lib/amd64/libzip.so
7fab9961c000-7fab9961e000 r--p 00000000 103:02 30149134                  /usr/lib/x86_64-linux-gnu/libXcursor.so.1.0.2
7fab9961e000-7fab99624000 r-xp 00002000 103:02 30149134                  /usr/lib/x86_64-linux-gnu/libXcursor.so.1.0.2
7fab99624000-7fab99626000 r--p 00008000 103:02 30149134                  /usr/lib/x86_64-linux-gnu/libXcursor.so.1.0.2
7fab99626000-7fab99627000 r--p 00009000 103:02 30149134                  /usr/lib/x86_64-linux-gnu/libXcursor.so.1.0.2
7fab99627000-7fab99628000 rw-p 0000a000 103:02 30149134                  /usr/lib/x86_64-linux-gnu/libXcursor.so.1.0.2
7fab99628000-7fab99629000 r--p 00000000 103:02 30147687                  /usr/lib/x86_64-linux-gnu/libbrotlicommon.so.1.0.9
7fab99629000-7fab9962a000 r-xp 00001000 103:02 30147687                  /usr/lib/x86_64-linux-gnu/libbrotlicommon.so.1.0.9
7fab9962a000-7fab99649000 r--p 00002000 103:02 30147687                  /usr/lib/x86_64-linux-gnu/libbrotlicommon.so.1.0.9
7fab99649000-7fab9964a000 r--p 00020000 103:02 30147687                  /usr/lib/x86_64-linux-gnu/libbrotlicommon.so.1.0.9
7fab9964a000-7fab9964b000 rw-p 00021000 103:02 30147687                  /usr/lib/x86_64-linux-gnu/libbrotlicommon.so.1.0.9
7fab9964b000-7fab9964c000 r--p 00000000 103:02 30147696                  /usr/lib/x86_64-linux-gnu/libbrotlidec.so.1.0.9
7fab9964c000-7fab99654000 r-xp 00001000 103:02 30147696                  /usr/lib/x86_64-linux-gnu/libbrotlidec.so.1.0.9
7fab99654000-7fab99657000 r--p 00009000 103:02 30147696                  /usr/lib/x86_64-linux-gnu/libbrotlidec.so.1.0.9
7fab99657000-7fab99658000 r--p 0000b000 103:02 30147696                  /usr/lib/x86_64-linux-gnu/libbrotlidec.so.1.0.9
7fab99658000-7fab99659000 rw-p 0000c000 103:02 30147696                  /usr/lib/x86_64-linux-gnu/libbrotlidec.so.1.0.9
7fab99659000-7fab9965b000 r--p 00000000 103:02 30152593                  /usr/lib/x86_64-linux-gnu/libz.so.1.2.11
7fab9965b000-7fab9966c000 r-xp 00002000 103:02 30152593                  /usr/lib/x86_64-linux-gnu/libz.so.1.2.11
7fab9966c000-7fab99672000 r--p 00013000 103:02 30152593                  /usr/lib/x86_64-linux-gnu/libz.so.1.2.11
7fab99672000-7fab99673000 ---p 00019000 103:02 30152593                  /usr/lib/x86_64-linux-gnu/libz.so.1.2.11
7fab99673000-7fab99674000 r--p 00019000 103:02 30152593                  /usr/lib/x86_64-linux-gnu/libz.so.1.2.11
7fab99674000-7fab99675000 rw-p 0001a000 103:02 30152593                  /usr/lib/x86_64-linux-gnu/libz.so.1.2.11
7fab99675000-7fab9967a000 r--p 00000000 103:02 30147855                  /usr/lib/x86_64-linux-gnu/libpng16.so.16.37.0
7fab9967a000-7fab996a3000 r-xp 00005000 103:02 30147855                  /usr/lib/x86_64-linux-gnu/libpng16.so.16.37.0
7fab996a3000-7fab996ae000 r--p 0002e000 103:02 30147855                  /usr/lib/x86_64-linux-gnu/libpng16.so.16.37.0
7fab996ae000-7fab996af000 r--p 00038000 103:02 30147855                  /usr/lib/x86_64-linux-gnu/libpng16.so.16.37.0
7fab996af000-7fab996b0000 rw-p 00039000 103:02 30147855                  /usr/lib/x86_64-linux-gnu/libpng16.so.16.37.0
7fab996b0000-7fab996b2000 r--p 00000000 103:02 30147326                  /usr/lib/x86_64-linux-gnu/libmd.so.0.0.5
7fab996b2000-7fab996b9000 r-xp 00002000 103:02 30147326                  /usr/lib/x86_64-linux-gnu/libmd.so.0.0.5
7fab996b9000-7fab996bb000 r--p 00009000 103:02 30147326                  /usr/lib/x86_64-linux-gnu/libmd.so.0.0.5
7fab996bb000-7fab996bc000 r--p 0000a000 103:02 30147326                  /usr/lib/x86_64-linux-gnu/libmd.so.0.0.5
7fab996bc000-7fab996bd000 rw-p 0000b000 103:02 30147326                  /usr/lib/x86_64-linux-gnu/libmd.so.0.0.5
7fab996bd000-7fab996c1000 r--p 00000000 103:02 30147332                  /usr/lib/x86_64-linux-gnu/libbsd.so.0.11.5
7fab996c1000-7fab996ce000 r-xp 00004000 103:02 30147332                  /usr/lib/x86_64-linux-gnu/libbsd.so.0.11.5
7fab996ce000-7fab996d1000 r--p 00011000 103:02 30147332                  /usr/lib/x86_64-linux-gnu/libbsd.so.0.11.5
7fab996d1000-7fab996d2000 ---p 00014000 103:02 30147332                  /usr/lib/x86_64-linux-gnu/libbsd.so.0.11.5
7fab996d2000-7fab996d3000 r--p 00014000 103:02 30147332                  /usr/lib/x86_64-linux-gnu/libbsd.so.0.11.5
7fab996d3000-7fab996d4000 rw-p 00015000 103:02 30147332                  /usr/lib/x86_64-linux-gnu/libbsd.so.0.11.5
7fab996d4000-7fab996d5000 rw-p 00000000 00:00 0 
7fab996d5000-7fab996e0000 r--p 00000000 103:02 30147450                  /usr/lib/x86_64-linux-gnu/libxcb.so.1.1.0
7fab996e0000-7fab996f4000 r-xp 0000b000 103:02 30147450                  /usr/lib/x86_64-linux-gnu/libxcb.so.1.1.0
7fab996f4000-7fab996fd000 r--p 0001f000 103:02 30147450                  /usr/lib/x86_64-linux-gnu/libxcb.so.1.1.0
7fab996fd000-7fab996fe000 r--p 00027000 103:02 30147450                  /usr/lib/x86_64-linux-gnu/libxcb.so.1.1.0
7fab996fe000-7fab996ff000 rw-p 00028000 103:02 30147450                  /usr/lib/x86_64-linux-gnu/libxcb.so.1.1.0
7fab996ff000-7fab99700000 ---p 00000000 00:00 0 
7fab99700000-7fab99800000 rw-p 00000000 00:00 0 
7fab99800000-7fab9980a000 r-xp 00000000 103:02 30283461                  /usr/lib/jvm/opendjk-8/jre/lib/amd64/libinstrument.so
7fab9980a000-7fab99a09000 ---p 0000a000 103:02 30283461                  /usr/lib/jvm/opendjk-8/jre/lib/amd64/libinstrument.so
7fab99a09000-7fab99a0a000 r--p 00009000 103:02 30283461                  /usr/lib/jvm/opendjk-8/jre/lib/amd64/libinstrument.so
7fab99a0a000-7fab99a0b000 rw-p 0000a000 103:02 30283461                  /usr/lib/jvm/opendjk-8/jre/lib/amd64/libinstrument.so
7fab99a0b000-7fab99a0c000 r--s 00000000 103:02 2625305                   /var/cache/fontconfig/999cfe83-6899-43ed-98cf-2f16435933f3-le64.cache-7
7fab99a0c000-7fab99a0e000 r--p 00000000 103:02 30149623                  /usr/lib/x86_64-linux-gnu/libXfixes.so.3.1.0
7fab99a0e000-7fab99a11000 r-xp 00002000 103:02 30149623                  /usr/lib/x86_64-linux-gnu/libXfixes.so.3.1.0
7fab99a11000-7fab99a12000 r--p 00005000 103:02 30149623                  /usr/lib/x86_64-linux-gnu/libXfixes.so.3.1.0
7fab99a12000-7fab99a13000 r--p 00006000 103:02 30149623                  /usr/lib/x86_64-linux-gnu/libXfixes.so.3.1.0
7fab99a13000-7fab99a14000 rw-p 00007000 103:02 30149623                  /usr/lib/x86_64-linux-gnu/libXfixes.so.3.1.0
7fab99a14000-7fab99a16000 r--p 00000000 103:02 30147392                  /usr/lib/x86_64-linux-gnu/libXdmcp.so.6.0.0
7fab99a16000-7fab99a18000 r-xp 00002000 103:02 30147392                  /usr/lib/x86_64-linux-gnu/libXdmcp.so.6.0.0
7fab99a18000-7fab99a1a000 r--p 00004000 103:02 30147392                  /usr/lib/x86_64-linux-gnu/libXdmcp.so.6.0.0
7fab99a1a000-7fab99a1b000 r--p 00005000 103:02 30147392                  /usr/lib/x86_64-linux-gnu/libXdmcp.so.6.0.0
7fab99a1b000-7fab99a1c000 rw-p 00006000 103:02 30147392                  /usr/lib/x86_64-linux-gnu/libXdmcp.so.6.0.0
7fab99a1c000-7fab99a1d000 r--p 00000000 103:02 30146767                  /usr/lib/x86_64-linux-gnu/libXau.so.6.0.0
7fab99a1d000-7fab99a1f000 r-xp 00001000 103:02 30146767                  /usr/lib/x86_64-linux-gnu/libXau.so.6.0.0
7fab99a1f000-7fab99a20000 r--p 00003000 103:02 30146767                  /usr/lib/x86_64-linux-gnu/libXau.so.6.0.0
7fab99a20000-7fab99a21000 r--p 00003000 103:02 30146767                  /usr/lib/x86_64-linux-gnu/libXau.so.6.0.0
7fab99a21000-7fab99a22000 rw-p 00004000 103:02 30146767                  /usr/lib/x86_64-linux-gnu/libXau.so.6.0.0
7fab99a22000-7fab99a25000 r--p 00000000 103:02 30153778                  /usr/lib/x86_64-linux-gnu/libXi.so.6.1.0
7fab99a25000-7fab99a31000 r-xp 00003000 103:02 30153778                  /usr/lib/x86_64-linux-gnu/libXi.so.6.1.0
7fab99a31000-7fab99a34000 r--p 0000f000 103:02 30153778                  /usr/lib/x86_64-linux-gnu/libXi.so.6.1.0
7fab99a34000-7fab99a35000 r--p 00011000 103:02 30153778                  /usr/lib/x86_64-linux-gnu/libXi.so.6.1.0
7fab99a35000-7fab99a36000 rw-p 00012000 103:02 30153778                  /usr/lib/x86_64-linux-gnu/libXi.so.6.1.0
7fab99a36000-7fab99a38000 r--p 00000000 103:02 30153937                  /usr/lib/x86_64-linux-gnu/libXrender.so.1.3.0
7fab99a38000-7fab99a3f000 r-xp 00002000 103:02 30153937                  /usr/lib/x86_64-linux-gnu/libXrender.so.1.3.0
7fab99a3f000-7fab99a41000 r--p 00009000 103:02 30153937                  /usr/lib/x86_64-linux-gnu/libXrender.so.1.3.0
7fab99a41000-7fab99a42000 r--p 0000a000 103:02 30153937                  /usr/lib/x86_64-linux-gnu/libXrender.so.1.3.0
7fab99a42000-7fab99a43000 rw-p 0000b000 103:02 30153937                  /usr/lib/x86_64-linux-gnu/libXrender.so.1.3.0
7fab99a43000-7fab99a47000 r--p 00000000 103:02 30147537                  /usr/lib/x86_64-linux-gnu/libXext.so.6.4.0
7fab99a47000-7fab99a52000 r-xp 00004000 103:02 30147537                  /usr/lib/x86_64-linux-gnu/libXext.so.6.4.0
7fab99a52000-7fab99a56000 r--p 0000f000 103:02 30147537                  /usr/lib/x86_64-linux-gnu/libXext.so.6.4.0
7fab99a56000-7fab99a57000 r--p 00012000 103:02 30147537                  /usr/lib/x86_64-linux-gnu/libXext.so.6.4.0
7fab99a57000-7fab99a58000 rw-p 00013000 103:02 30147537                  /usr/lib/x86_64-linux-gnu/libXext.so.6.4.0
7fab99a58000-7fab99a5b000 ---p 00000000 00:00 0 
7fab99a5b000-7fab99a91000 rw-p 00000000 00:00 0 
7fab99a91000-7fab99a94000 r--p 00000000 103:02 30146575                  /usr/lib/x86_64-linux-gnu/libgcc_s.so.1
7fab99a94000-7fab99aab000 r-xp 00003000 103:02 30146575                  /usr/lib/x86_64-linux-gnu/libgcc_s.so.1
7fab99aab000-7fab99aaf000 r--p 0001a000 103:02 30146575                  /usr/lib/x86_64-linux-gnu/libgcc_s.so.1
7fab99aaf000-7fab99ab0000 r--p 0001d000 103:02 30146575                  /usr/lib/x86_64-linux-gnu/libgcc_s.so.1
7fab99ab0000-7fab99ab1000 rw-p 0001e000 103:02 30146575                  /usr/lib/x86_64-linux-gnu/libgcc_s.so.1
7fab99ab1000-7fab99ab4000 r--s 00000000 103:02 2625302                   /var/cache/fontconfig/15cf6c93-f12e-4316-b4d5-89d52c23d5db-le64.cache-7
7fab99ab4000-7fab99ab5000 r--s 00000000 103:02 2625301                   /var/cache/fontconfig/41904088-04e7-4af0-8642-9367c80a8a08-le64.cache-7
7fab99ab5000-7fab99ab6000 r--s 00000000 103:02 2625299                   /var/cache/fontconfig/388d01ba-4d64-40b9-82de-bc252b02513b-le64.cache-7
7fab99ab6000-7fab99ab7000 r--s 00000000 103:02 2625298                   /var/cache/fontconfig/3bc4c763-144c-4627-be33-02957dc8c529-le64.cache-7
7fab99ab7000-7fab99ab8000 r--s 00000000 103:02 2625297                   /var/cache/fontconfig/d71a2b34-7ce6-4847-bd14-04e853653734-le64.cache-7
7fab99ab8000-7fab99ab9000 r--s 00000000 103:02 2625296                   /var/cache/fontconfig/52113155-fdea-47bb-bd46-9370a6794c14-le64.cache-7
7fab99ab9000-7fab99aba000 r--s 00000000 103:02 2625292                   /var/cache/fontconfig/a78f5fd3-47bb-47ed-8815-d9ff10e08025-le64.cache-7
7fab99aba000-7fab99abb000 r--s 00000000 103:02 2625291                   /var/cache/fontconfig/454e3100-4d46-49c0-aa49-81ae7717e3be-le64.cache-7
7fab99abb000-7fab99abc000 r--s 00000000 103:02 2622660                   /var/cache/fontconfig/9a26f513-c062-43bb-a812-4056f0f03a68-le64.cache-7
7fab99abc000-7fab99abf000 r--s 00000000 103:02 2625282                   /var/cache/fontconfig/304de788-b78c-47c6-8f58-e07b1c3937d1-le64.cache-7
7fab99abf000-7fab99ac2000 r--s 00000000 103:02 2625281                   /var/cache/fontconfig/5fee2d95-3153-424e-b736-48a444a7df3b-le64.cache-7
7fab99ac2000-7fab99ac5000 r--s 00000000 103:02 2622007                   /var/cache/fontconfig/27fa8ccb-f896-46a4-b334-8b10cd17c150-le64.cache-7
7fab99ac5000-7fab99ae2000 r--s 01c78000 103:02 25302112                  /home/matteo/.m2/repository/org/bytedeco/opencv/4.5.3-1.5.6/opencv-4.5.3-1.5.6-windows-x86_64.jar
7fab99ae2000-7fab99aff000 r--s 01aa0000 103:02 25302110                  /home/matteo/.m2/repository/org/bytedeco/opencv/4.5.3-1.5.6/opencv-4.5.3-1.5.6-windows-x86.jar
7fab99aff000-7fab99b00000 ---p 00000000 00:00 0 
7fab99b00000-7fab99c00000 rw-p 00000000 00:00 0 
7fab99c00000-7fab99c29000 r-xp 00000000 103:02 30283463                  /usr/lib/jvm/opendjk-8/jre/lib/amd64/libjava.so
7fab99c29000-7fab99e28000 ---p 00029000 103:02 30283463                  /usr/lib/jvm/opendjk-8/jre/lib/amd64/libjava.so
7fab99e28000-7fab99e29000 r--p 00028000 103:02 30283463                  /usr/lib/jvm/opendjk-8/jre/lib/amd64/libjava.so
7fab99e29000-7fab99e2b000 rw-p 00029000 103:02 30283463                  /usr/lib/jvm/opendjk-8/jre/lib/amd64/libjava.so
7fab99e2b000-7fab99e2d000 r--p 00000000 103:02 30146589                  /usr/lib/x86_64-linux-gnu/libXtst.so.6.1.0
7fab99e2d000-7fab99e30000 r-xp 00002000 103:02 30146589                  /usr/lib/x86_64-linux-gnu/libXtst.so.6.1.0
7fab99e30000-7fab99e31000 r--p 00005000 103:02 30146589                  /usr/lib/x86_64-linux-gnu/libXtst.so.6.1.0
7fab99e31000-7fab99e32000 r--p 00005000 103:02 30146589                  /usr/lib/x86_64-linux-gnu/libXtst.so.6.1.0
7fab99e32000-7fab99e33000 rw-p 00006000 103:02 30146589                  /usr/lib/x86_64-linux-gnu/libXtst.so.6.1.0
7fab99e33000-7fab99e3a000 r--s 000d3000 103:02 30283421                  /usr/lib/jvm/opendjk-8/jre/lib/jfr.jar
7fab99e3a000-7fab99e3c000 r--s 0001f000 103:02 20319890                  /opt/IntelliJ/lib/idea_rt.jar
7fab99e3c000-7fab99e3f000 r--s 00025000 103:02 24904996                  /home/matteo/.m2/repository/commons-io/commons-io/2.1/commons-io-2.1.jar
7fab99e3f000-7fab99e66000 r--s 017fd000 103:02 25302108                  /home/matteo/.m2/repository/org/bytedeco/opencv/4.5.3-1.5.6/opencv-4.5.3-1.5.6-macosx-x86_64.jar
7fab99e66000-7fab99e8c000 r--s 01971000 103:02 25302106                  /home/matteo/.m2/repository/org/bytedeco/opencv/4.5.3-1.5.6/opencv-4.5.3-1.5.6-linux-ppc64le.jar
7fab99e8c000-7fab99eb2000 r--s 01712000 103:02 25302104                  /home/matteo/.m2/repository/org/bytedeco/opencv/4.5.3-1.5.6/opencv-4.5.3-1.5.6-linux-arm64.jar
7fab99eb2000-7fab99ed8000 r--s 01774000 103:02 25302102                  /home/matteo/.m2/repository/org/bytedeco/opencv/4.5.3-1.5.6/opencv-4.5.3-1.5.6-linux-armhf.jar
7fab99ed8000-7fab99eff000 r--s 019bb000 103:02 25302100                  /home/matteo/.m2/repository/org/bytedeco/opencv/4.5.3-1.5.6/opencv-4.5.3-1.5.6-linux-x86_64.jar
7fab99eff000-7fab99f00000 ---p 00000000 00:00 0 
7fab99f00000-7fab9a000000 rw-p 00000000 00:00 0 
7fab9a000000-7fab9a010000 r-xp 00000000 103:02 30283443                  /usr/lib/jvm/opendjk-8/jre/lib/amd64/libverify.so
7fab9a010000-7fab9a20f000 ---p 00010000 103:02 30283443                  /usr/lib/jvm/opendjk-8/jre/lib/amd64/libverify.so
7fab9a20f000-7fab9a211000 r--p 0000f000 103:02 30283443                  /usr/lib/jvm/opendjk-8/jre/lib/amd64/libverify.so
7fab9a211000-7fab9a212000 rw-p 00011000 103:02 30283443                  /usr/lib/jvm/opendjk-8/jre/lib/amd64/libverify.so
7fab9a212000-7fab9a213000 r--s 00000000 103:02 2622032                   /var/cache/fontconfig/51e4dddc-d632-45d4-8b1a-ee41f12a51a9-le64.cache-7
7fab9a213000-7fab9a239000 r--s 019ce000 103:02 25302098                  /home/matteo/.m2/repository/org/bytedeco/opencv/4.5.3-1.5.6/opencv-4.5.3-1.5.6-linux-x86.jar
7fab9a239000-7fab9a25f000 r--s 01b8e000 103:02 25302096                  /home/matteo/.m2/repository/org/bytedeco/opencv/4.5.3-1.5.6/opencv-4.5.3-1.5.6-ios-x86_64.jar
7fab9a25f000-7fab9a284000 r--s 01902000 103:02 25302094                  /home/matteo/.m2/repository/org/bytedeco/opencv/4.5.3-1.5.6/opencv-4.5.3-1.5.6-ios-arm64.jar
7fab9a284000-7fab9a29a000 r--s 016aa000 103:02 25302092                  /home/matteo/.m2/repository/org/bytedeco/opencv/4.5.3-1.5.6/opencv-4.5.3-1.5.6-android-x86_64.jar
7fab9a29a000-7fab9a2af000 r--s 015ec000 103:02 25302090                  /home/matteo/.m2/repository/org/bytedeco/opencv/4.5.3-1.5.6/opencv-4.5.3-1.5.6-android-x86.jar
7fab9a2af000-7fab9a2c5000 r--s 0136b000 103:02 25302088                  /home/matteo/.m2/repository/org/bytedeco/opencv/4.5.3-1.5.6/opencv-4.5.3-1.5.6-android-arm64.jar
7fab9a2c5000-7fab9a2db000 r--s 011d4000 103:02 25302086                  /home/matteo/.m2/repository/org/bytedeco/opencv/4.5.3-1.5.6/opencv-4.5.3-1.5.6-android-arm.jar
7fab9a2db000-7fab9a2ff000 r--s 00174000 103:02 25302082                  /home/matteo/.m2/repository/org/bytedeco/opencv/4.5.3-1.5.6/opencv-4.5.3-1.5.6.jar
7fab9a2ff000-7fab9a300000 ---p 00000000 00:00 0 
7fab9a300000-7fab9a303000 ---p 00000000 00:00 0 
7fab9a303000-7fab9a400000 rw-p 00000000 00:00 0 
7fab9a400000-7fab9b0b1000 r-xp 00000000 103:02 30283438                  /usr/lib/jvm/opendjk-8/jre/lib/amd64/server/libjvm.so
7fab9b0b1000-7fab9b2b0000 ---p 00cb1000 103:02 30283438                  /usr/lib/jvm/opendjk-8/jre/lib/amd64/server/libjvm.so
7fab9b2b0000-7fab9b353000 r--p 00cb0000 103:02 30283438                  /usr/lib/jvm/opendjk-8/jre/lib/amd64/server/libjvm.so
7fab9b353000-7fab9b37c000 rw-p 00d53000 103:02 30283438                  /usr/lib/jvm/opendjk-8/jre/lib/amd64/server/libjvm.so
7fab9b37c000-7fab9b3c4000 rw-p 00000000 00:00 0 
7fab9b3c4000-7fab9b3c6000 r--s 00010000 103:02 25298464                  /home/matteo/.m2/repository/org/json/json/20220924/json-20220924.jar
7fab9b3c6000-7fab9b3ce000 r--s 00070000 103:02 25302084                  /home/matteo/.m2/repository/org/bytedeco/javacpp/1.5.6/javacpp-1.5.6.jar
7fab9b3ce000-7fab9b3d1000 r--s 01b6b000 103:02 25302080                  /home/matteo/.m2/repository/org/bytedeco/openblas/0.3.17-1.5.6/openblas-0.3.17-1.5.6-windows-x86_64.jar
7fab9b3d1000-7fab9b3d4000 r--s 01851000 103:02 25302079                  /home/matteo/.m2/repository/org/bytedeco/openblas/0.3.17-1.5.6/openblas-0.3.17-1.5.6-windows-x86.jar
7fab9b3d4000-7fab9b3d6000 r--s 00dca000 103:02 25302078                  /home/matteo/.m2/repository/org/bytedeco/openblas/0.3.17-1.5.6/openblas-0.3.17-1.5.6-macosx-x86_64.jar
7fab9b3d6000-7fab9b3d8000 r--s 00845000 103:02 25302074                  /home/matteo/.m2/repository/org/bytedeco/openblas/0.3.17-1.5.6/openblas-0.3.17-1.5.6-linux-ppc64le.jar
7fab9b3d8000-7fab9b3da000 r--s 007d8000 103:02 25302072                  /home/matteo/.m2/repository/org/bytedeco/openblas/0.3.17-1.5.6/openblas-0.3.17-1.5.6-linux-arm64.jar
7fab9b3da000-7fab9b3dc000 r--s 008da000 103:02 25302070                  /home/matteo/.m2/repository/org/bytedeco/openblas/0.3.17-1.5.6/openblas-0.3.17-1.5.6-linux-armhf.jar
7fab9b3dc000-7fab9b3de000 r--s 00d39000 103:02 25302069                  /home/matteo/.m2/repository/org/bytedeco/openblas/0.3.17-1.5.6/openblas-0.3.17-1.5.6-linux-x86_64.jar
7fab9b3de000-7fab9b3e0000 r--s 00aa9000 103:02 25302066                  /home/matteo/.m2/repository/org/bytedeco/openblas/0.3.17-1.5.6/openblas-0.3.17-1.5.6-linux-x86.jar
7fab9b3e0000-7fab9b3e2000 r--s 000e5000 103:02 25302065                  /home/matteo/.m2/repository/org/bytedeco/openblas/0.3.17-1.5.6/openblas-0.3.17-1.5.6-ios-x86_64.jar
7fab9b3e2000-7fab9b3e4000 r--s 000d2000 103:02 25302063                  /home/matteo/.m2/repository/org/bytedeco/openblas/0.3.17-1.5.6/openblas-0.3.17-1.5.6-ios-arm64.jar
7fab9b3e4000-7fab9b3e6000 r--s 0017d000 103:02 25302061                  /home/matteo/.m2/repository/org/bytedeco/openblas/0.3.17-1.5.6/openblas-0.3.17-1.5.6-android-x86_64.jar
7fab9b3e6000-7fab9b3e8000 r--s 0014c000 103:02 25302058                  /home/matteo/.m2/repository/org/bytedeco/openblas/0.3.17-1.5.6/openblas-0.3.17-1.5.6-android-x86.jar
7fab9b3e8000-7fab9b3ea000 r--s 000f4000 103:02 25302056                  /home/matteo/.m2/repository/org/bytedeco/openblas/0.3.17-1.5.6/openblas-0.3.17-1.5.6-android-arm64.jar
7fab9b3ea000-7fab9b3ec000 r--s 000d2000 103:02 25302055                  /home/matteo/.m2/repository/org/bytedeco/openblas/0.3.17-1.5.6/openblas-0.3.17-1.5.6-android-arm.jar
7fab9b3ec000-7fab9b3ee000 r--s 00028000 103:02 25302054                  /home/matteo/.m2/repository/org/bytedeco/openblas/0.3.17-1.5.6/openblas-0.3.17-1.5.6.jar
7fab9b3ee000-7fab9b3f1000 r--s 0013c000 103:02 25302053                  /home/matteo/.m2/repository/org/bytedeco/javacpp/1.5.6/javacpp-1.5.6-windows-x86_64.jar
7fab9b3f1000-7fab9b3f4000 r--s 00138000 103:02 25302051                  /home/matteo/.m2/repository/org/bytedeco/javacpp/1.5.6/javacpp-1.5.6-windows-x86.jar
7fab9b3f4000-7fab9b3f6000 r--s 00004000 103:02 25302047                  /home/matteo/.m2/repository/org/bytedeco/javacpp/1.5.6/javacpp-1.5.6-macosx-x86_64.jar
7fab9b3f6000-7fab9b3f8000 r--s 00004000 103:02 25302045                  /home/matteo/.m2/repository/org/bytedeco/javacpp/1.5.6/javacpp-1.5.6-macosx-arm64.jar
7fab9b3f8000-7fab9b3fa000 r--s 00005000 103:02 25302044                  /home/matteo/.m2/repository/org/bytedeco/javacpp/1.5.6/javacpp-1.5.6-linux-x86_64.jar
7fab9b3fa000-7fab9b3fb000 r--s 00006000 103:02 25302043                  /home/matteo/.m2/repository/org/bytedeco/javacpp/1.5.6/javacpp-1.5.6-linux-x86.jar
7fab9b3fb000-7fab9b3fd000 r--s 00005000 103:02 25302041                  /home/matteo/.m2/repository/org/bytedeco/javacpp/1.5.6/javacpp-1.5.6-linux-ppc64le.jar
7fab9b3fd000-7fab9b3fe000 r--s 00005000 103:02 25302037                  /home/matteo/.m2/repository/org/bytedeco/javacpp/1.5.6/javacpp-1.5.6-linux-arm64.jar
7fab9b3fe000-7fab9b400000 r--s 00004000 103:02 25302035                  /home/matteo/.m2/repository/org/bytedeco/javacpp/1.5.6/javacpp-1.5.6-linux-armhf.jar
7fab9b400000-7fab9b428000 r--p 00000000 103:02 30149532                  /usr/lib/x86_64-linux-gnu/libc.so.6
7fab9b428000-7fab9b5bd000 r-xp 00028000 103:02 30149532                  /usr/lib/x86_64-linux-gnu/libc.so.6
7fab9b5bd000-7fab9b615000 r--p 001bd000 103:02 30149532                  /usr/lib/x86_64-linux-gnu/libc.so.6
7fab9b615000-7fab9b619000 r--p 00214000 103:02 30149532                  /usr/lib/x86_64-linux-gnu/libc.so.6
7fab9b619000-7fab9b61b000 rw-p 00218000 103:02 30149532                  /usr/lib/x86_64-linux-gnu/libc.so.6
7fab9b61b000-7fab9b628000 rw-p 00000000 00:00 0 
7fab9b628000-7fab9b62a000 r--s 00004000 103:02 25302034                  /home/matteo/.m2/repository/org/bytedeco/javacpp/1.5.6/javacpp-1.5.6-ios-x86_64.jar
7fab9b62a000-7fab9b62b000 r--s 00005000 103:02 25302030                  /home/matteo/.m2/repository/org/bytedeco/javacpp/1.5.6/javacpp-1.5.6-ios-arm64.jar
7fab9b62b000-7fab9b62c000 r--s 00016000 103:02 25302029                  /home/matteo/.m2/repository/org/bytedeco/javacpp/1.5.6/javacpp-1.5.6-android-x86_64.jar
7fab9b62c000-7fab9b62d000 r--s 00016000 103:02 25302028                  /home/matteo/.m2/repository/org/bytedeco/javacpp/1.5.6/javacpp-1.5.6-android-x86.jar
7fab9b62d000-7fab9b62f000 r--s 00014000 103:02 25302022                  /home/matteo/.m2/repository/org/bytedeco/javacpp/1.5.6/javacpp-1.5.6-android-arm64.jar
7fab9b62f000-7fab9b631000 r--s 0000e000 103:02 25302024                  /home/matteo/.m2/repository/org/bytedeco/javacpp/1.5.6/javacpp-1.5.6-android-arm.jar
7fab9b631000-7fab9b632000 r--s 00001000 103:02 25302018                  /home/matteo/.m2/repository/org/bytedeco/javacpp-platform/1.5.6/javacpp-platform-1.5.6.jar
7fab9b632000-7fab9b633000 r--s 00000000 103:02 25302020                  /home/matteo/.m2/repository/org/bytedeco/openblas-platform/0.3.17-1.5.6/openblas-platform-0.3.17-1.5.6.jar
7fab9b633000-7fab9b634000 r--s 00000000 103:02 25302016                  /home/matteo/.m2/repository/org/bytedeco/opencv-platform/4.5.3-1.5.6/opencv-platform-4.5.3-1.5.6.jar
7fab9b634000-7fab9b637000 r--s 0000e000 103:02 24906973                  /home/matteo/.m2/repository/com/twelvemonkeys/imageio/imageio-core/3.3.2/imageio-core-3.3.2.jar
7fab9b637000-7fab9b639000 r--s 00010000 103:02 24906971                  /home/matteo/.m2/repository/com/twelvemonkeys/imageio/imageio-metadata/3.3.2/imageio-metadata-3.3.2.jar
7fab9b639000-7fab9b63c000 r--s 00013000 103:02 24906966                  /home/matteo/.m2/repository/com/twelvemonkeys/common/common-image/3.3.2/common-image-3.3.2.jar
7fab9b63c000-7fab9b63f000 r--s 00014000 103:02 24906961                  /home/matteo/.m2/repository/com/twelvemonkeys/common/common-io/3.3.2/common-io-3.3.2.jar
7fab9b63f000-7fab9b643000 r--s 0001a000 103:02 24906975                  /home/matteo/.m2/repository/com/twelvemonkeys/common/common-lang/3.3.2/common-lang-3.3.2.jar
7fab9b643000-7fab9b655000 r--s 0034c000 103:02 30283472                  /usr/lib/jvm/opendjk-8/jre/lib/resources.jar
7fab9b655000-7fab9b719000 rw-p 00000000 00:00 0 
7fab9b719000-7fab9b727000 r--p 00000000 103:02 30149537                  /usr/lib/x86_64-linux-gnu/libm.so.6
7fab9b727000-7fab9b7a3000 r-xp 0000e000 103:02 30149537                  /usr/lib/x86_64-linux-gnu/libm.so.6
7fab9b7a3000-7fab9b7fe000 r--p 0008a000 103:02 30149537                  /usr/lib/x86_64-linux-gnu/libm.so.6
7fab9b7fe000-7fab9b7ff000 r--p 000e4000 103:02 30149537                  /usr/lib/x86_64-linux-gnu/libm.so.6
7fab9b7ff000-7fab9b800000 rw-p 000e5000 103:02 30149537                  /usr/lib/x86_64-linux-gnu/libm.so.6
7fab9b800000-7fab9b816000 r-xp 00000000 103:02 30283465                  /usr/lib/jvm/opendjk-8/jre/lib/amd64/jli/libjli.so
7fab9b816000-7fab9ba15000 ---p 00016000 103:02 30283465                  /usr/lib/jvm/opendjk-8/jre/lib/amd64/jli/libjli.so
7fab9ba15000-7fab9ba16000 r--p 00015000 103:02 30283465                  /usr/lib/jvm/opendjk-8/jre/lib/amd64/jli/libjli.so
7fab9ba16000-7fab9ba17000 rw-p 00016000 103:02 30283465                  /usr/lib/jvm/opendjk-8/jre/lib/amd64/jli/libjli.so
7fab9ba17000-7fab9ba21000 r--s 00240000 103:02 25299045                  /home/matteo/.m2/repository/net/imagej/ij/1.53f/ij-1.53f.jar
7fab9ba21000-7fab9ba32000 r--s 001c5000 103:02 30283508                  /usr/lib/jvm/opendjk-8/jre/lib/jsse.jar
7fab9ba32000-7fab9ba39000 r--s 000d3000 103:02 30283421                  /usr/lib/jvm/opendjk-8/jre/lib/jfr.jar
7fab9ba39000-7fab9bae4000 rw-p 00000000 00:00 0 
7fab9bae4000-7fab9bae5000 r--p 00000000 103:02 30149561                  /usr/lib/x86_64-linux-gnu/librt.so.1
7fab9bae5000-7fab9bae6000 r-xp 00001000 103:02 30149561                  /usr/lib/x86_64-linux-gnu/librt.so.1
7fab9bae6000-7fab9bae7000 r--p 00002000 103:02 30149561                  /usr/lib/x86_64-linux-gnu/librt.so.1
7fab9bae7000-7fab9bae8000 r--p 00002000 103:02 30149561                  /usr/lib/x86_64-linux-gnu/librt.so.1
7fab9bae8000-7fab9bae9000 rw-p 00003000 103:02 30149561                  /usr/lib/x86_64-linux-gnu/librt.so.1
7fab9bae9000-7fab9baeb000 rw-p 00000000 00:00 0 
7fab9baeb000-7fab9baec000 r--p 00000000 103:02 30149535                  /usr/lib/x86_64-linux-gnu/libdl.so.2
7fab9baec000-7fab9baed000 r-xp 00001000 103:02 30149535                  /usr/lib/x86_64-linux-gnu/libdl.so.2
7fab9baed000-7fab9baee000 r--p 00002000 103:02 30149535                  /usr/lib/x86_64-linux-gnu/libdl.so.2
7fab9baee000-7fab9baef000 r--p 00002000 103:02 30149535                  /usr/lib/x86_64-linux-gnu/libdl.so.2
7fab9baef000-7fab9baf0000 rw-p 00003000 103:02 30149535                  /usr/lib/x86_64-linux-gnu/libdl.so.2
7fab9baf0000-7fab9baf1000 r--p 00000000 103:02 30149557                  /usr/lib/x86_64-linux-gnu/libpthread.so.0
7fab9baf1000-7fab9baf2000 r-xp 00001000 103:02 30149557                  /usr/lib/x86_64-linux-gnu/libpthread.so.0
7fab9baf2000-7fab9baf3000 r--p 00002000 103:02 30149557                  /usr/lib/x86_64-linux-gnu/libpthread.so.0
7fab9baf3000-7fab9baf4000 r--p 00002000 103:02 30149557                  /usr/lib/x86_64-linux-gnu/libpthread.so.0
7fab9baf4000-7fab9baf5000 rw-p 00003000 103:02 30149557                  /usr/lib/x86_64-linux-gnu/libpthread.so.0
7fab9baf5000-7fab9baf7000 r--s 00002000 103:02 24906964                  /home/matteo/.m2/repository/com/twelvemonkeys/contrib/contrib/3.3.2/contrib-3.3.2.jar
7fab9baf7000-7fab9baf8000 r--s 0002e000 103:02 21894169                  /home/matteo/.m2/repository/sc/fiji/bUnwarpJ_/2.6.13/bUnwarpJ_-2.6.13.jar
7fab9baf8000-7fab9baf9000 r--s 00000000 103:02 30283415                  /usr/lib/jvm/opendjk-8/jre/lib/management-agent.jar
7fab9baf9000-7fab9bafb000 r--s 00016000 103:02 30283422                  /usr/lib/jvm/opendjk-8/jre/lib/jce.jar
7fab9bafb000-7fab9bb00000 r--s 002f9000 103:02 30283484                  /usr/lib/jvm/opendjk-8/jre/lib/charsets.jar
7fab9bb00000-7fab9bb08000 rw-s 00000000 103:02 15466510                  /tmp/hsperfdata_matteo/23483
7fab9bb08000-7fab9bb0b000 rw-p 00000000 00:00 0 
7fab9bb0b000-7fab9bb0d000 r--p 00000000 103:02 30147228                  /usr/lib/x86_64-linux-gnu/ld-linux-x86-64.so.2
7fab9bb0d000-7fab9bb37000 r-xp 00002000 103:02 30147228                  /usr/lib/x86_64-linux-gnu/ld-linux-x86-64.so.2
7fab9bb37000-7fab9bb42000 r--p 0002c000 103:02 30147228                  /usr/lib/x86_64-linux-gnu/ld-linux-x86-64.so.2
7fab9bb42000-7fab9bb43000 r--p 00000000 00:00 0 
7fab9bb43000-7fab9bb45000 r--p 00037000 103:02 30147228                  /usr/lib/x86_64-linux-gnu/ld-linux-x86-64.so.2
7fab9bb45000-7fab9bb47000 rw-p 00039000 103:02 30147228                  /usr/lib/x86_64-linux-gnu/ld-linux-x86-64.so.2
7ffe5c7a0000-7ffe5c7c3000 rw-p 00000000 00:00 0                          [stack]
7ffe5c7ee000-7ffe5c7f2000 r--p 00000000 00:00 0                          [vvar]
7ffe5c7f2000-7ffe5c7f4000 r-xp 00000000 00:00 0                          [vdso]
ffffffffff600000-ffffffffff601000 --xp 00000000 00:00 0                  [vsyscall]

VM Arguments:
jvm_args: -Xmx4g -javaagent:/opt/IntelliJ/lib/idea_rt.jar=43937:/opt/IntelliJ/bin -Dfile.encoding=UTF-8 
java_command: com.ds4h.imagej.Process_Pixels
java_class_path (initial): /lib/jvm/opendjk-8/jre/lib/charsets.jar:/lib/jvm/opendjk-8/jre/lib/ext/cldrdata.jar:/lib/jvm/opendjk-8/jre/lib/ext/dnsns.jar:/lib/jvm/opendjk-8/jre/lib/ext/jaccess.jar:/lib/jvm/opendjk-8/jre/lib/ext/localedata.jar:/lib/jvm/opendjk-8/jre/lib/ext/nashorn.jar:/lib/jvm/opendjk-8/jre/lib/ext/sunec.jar:/lib/jvm/opendjk-8/jre/lib/ext/sunjce_provider.jar:/lib/jvm/opendjk-8/jre/lib/ext/sunpkcs11.jar:/lib/jvm/opendjk-8/jre/lib/ext/zipfs.jar:/lib/jvm/opendjk-8/jre/lib/jce.jar:/lib/jvm/opendjk-8/jre/lib/jfr.jar:/lib/jvm/opendjk-8/jre/lib/jsse.jar:/lib/jvm/opendjk-8/jre/lib/management-agent.jar:/lib/jvm/opendjk-8/jre/lib/resources.jar:/lib/jvm/opendjk-8/jre/lib/rt.jar:/home/matteo/Desktop/Image-Alignment/target/classes:/home/matteo/.m2/repository/net/imagej/ij/1.53f/ij-1.53f.jar:/home/matteo/.m2/repository/sc/fiji/bUnwarpJ_/2.6.13/bUnwarpJ_-2.6.13.jar:/home/matteo/.m2/repository/com/twelvemonkeys/contrib/contrib/3.3.2/contrib-3.3.2.jar:/home/matteo/.m2/repository/com/twelvemonkeys/common/common-lang/3.3.2/common-lang-3.3.2.jar:/home/matteo/.m2/repository/com/twelvemonkeys/common/common-io/3.3.2/common-io-3.3.2.jar:/home/matteo/.m2/repository/com/twelvemonkeys/common/common-image/3.3.2/common-image-3.3.2.jar:/home/matteo/.m2/repository/com/twelvemonkeys/imageio/imageio-metadata/3.3.2/imageio-metadata-3.3.2.jar:/home/matteo/.m2/repository/com/twelvemonkeys/imageio/imageio-core/3.3.2/imageio-core-3.3.2.jar:/home/matteo/.m2/repository/org/bytedeco/opencv-platform/4.5.3-1.5.6/opencv-platform-4.5.3-1.5.6.jar:/home/matteo/.m2/repository/org/bytedeco/openblas-platform/0.3.17-1.5.6/openblas-platform-0.3.17-1.5.6.jar:/home/matteo/.m2/repository/org/bytedeco/javacpp-platform/1.5.6/javacpp-platform-1.5.6.jar:/home/matteo/.m2/repository/org/bytedeco/javacpp/1.5.6/javacpp-1.5.6-android-arm.jar:/home/matteo/.m2/repository/org/bytedeco/javacpp/1.5.6/javacpp-1.5.6-android-arm64.jar:/home/matteo/.m2/repository/org/bytedeco/javacpp/1.5.6/javacpp-1.5.6-android-x86.jar:/
Launcher Type: SUN_STANDARD

Environment Variables:
PATH=/home/matteo/.local/bin/:/usr/local/sbin:/usr/local/bin:/usr/sbin:/usr/bin:/sbin:/bin:/usr/games:/usr/local/games:/snap/bin:/opt/IntelliJ/bin:/snap/bin
USERNAME=matteo
SHELL=/usr/bin/zsh
DISPLAY=:0

Signal Handlers:
SIGSEGV: [libjvm.so+0xa86cb0], sa_mask[0]=11111111011111111101111111111110, sa_flags=SA_RESTART|SA_SIGINFO
SIGBUS: [libjvm.so+0xa86cb0], sa_mask[0]=11111111011111111101111111111110, sa_flags=SA_RESTART|SA_SIGINFO
SIGFPE: [libjvm.so+0x8da590], sa_mask[0]=11111111011111111101111111111110, sa_flags=SA_RESTART|SA_SIGINFO
SIGPIPE: [libjvm.so+0x8da590], sa_mask[0]=11111111011111111101111111111110, sa_flags=SA_RESTART|SA_SIGINFO
SIGXFSZ: [libjvm.so+0x8da590], sa_mask[0]=11111111011111111101111111111110, sa_flags=SA_RESTART|SA_SIGINFO
SIGILL: [libjvm.so+0x8da590], sa_mask[0]=11111111011111111101111111111110, sa_flags=SA_RESTART|SA_SIGINFO
SIGUSR1: SIG_DFL, sa_mask[0]=00000000000000000000000000000000, sa_flags=none
SIGUSR2: [libjvm.so+0x8da700], sa_mask[0]=00100000000000000000000000000000, sa_flags=SA_RESTART|SA_SIGINFO
SIGHUP: [libjvm.so+0x8da650], sa_mask[0]=11111111011111111101111111111110, sa_flags=SA_RESTART|SA_SIGINFO
SIGINT: [libjvm.so+0x8da650], sa_mask[0]=11111111011111111101111111111110, sa_flags=SA_RESTART|SA_SIGINFO
SIGTERM: [libjvm.so+0x8da650], sa_mask[0]=11111111011111111101111111111110, sa_flags=SA_RESTART|SA_SIGINFO
SIGQUIT: [libjvm.so+0x8da650], sa_mask[0]=11111111011111111101111111111110, sa_flags=SA_RESTART|SA_SIGINFO


---------------  S Y S T E M  ---------------

OS:DISTRIB_ID=Ubuntu
DISTRIB_RELEASE=22.04
DISTRIB_CODENAME=jammy
DISTRIB_DESCRIPTION="Ubuntu 22.04.2 LTS"

uname:Linux 5.19.0-35-generic #36~22.04.1-Ubuntu SMP PREEMPT_DYNAMIC Fri Feb 17 15:17:25 UTC 2 x86_64
libc:glibc 2.35 NPTL 2.35 
rlimit: STACK 8192k, CORE 0k, NPROC 30999, NOFILE 1048576, AS infinity
load average:2,06 2,20 2,46

/proc/meminfo:
MemTotal:        8015516 kB
MemFree:         1086948 kB
MemAvailable:    1877488 kB
Buffers:           58844 kB
Cached:          1532252 kB
SwapCached:       127640 kB
Active:          3347628 kB
Inactive:        2919244 kB
Active(anon):    2583736 kB
Inactive(anon):  2669712 kB
Active(file):     763892 kB
Inactive(file):   249532 kB
Unevictable:      106772 kB
Mlocked:              16 kB
SwapTotal:       2097148 kB
SwapFree:         534060 kB
Zswap:                 0 kB
Zswapped:              0 kB
Dirty:               104 kB
Writeback:            12 kB
AnonPages:       4655492 kB
Mapped:           475356 kB
Shmem:            582220 kB
KReclaimable:      90564 kB
Slab:             331400 kB
SReclaimable:      90564 kB
SUnreclaim:       240836 kB
KernelStack:       20224 kB
PageTables:        49404 kB
NFS_Unstable:          0 kB
Bounce:                0 kB
WritebackTmp:          0 kB
CommitLimit:     6104904 kB
Committed_AS:   13572280 kB
VmallocTotal:   34359738367 kB
VmallocUsed:       96192 kB
VmallocChunk:          0 kB
Percpu:             9984 kB
HardwareCorrupted:     0 kB
AnonHugePages:         0 kB
ShmemHugePages:        0 kB
ShmemPmdMapped:        0 kB
FileHugePages:         0 kB
FilePmdMapped:         0 kB
HugePages_Total:       0
HugePages_Free:        0
HugePages_Rsvd:        0
HugePages_Surp:        0
Hugepagesize:       2048 kB
Hugetlb:               0 kB
DirectMap4k:      373372 kB
DirectMap2M:     7892992 kB
DirectMap1G:           0 kB


CPU:total 8 (initial active 8) (4 cores per cpu, 2 threads per core) family 6 model 142 stepping 12, cmov, cx8, fxsr, mmx, sse, sse2, sse3, ssse3, sse4.1, sse4.2, popcnt, avx, avx2, aes, clmul, erms, 3dnowpref, lzcnt, ht, tsc, tscinvbit, bmi1, bmi2, adx

/proc/cpuinfo:
processor	: 0
vendor_id	: GenuineIntel
cpu family	: 6
model		: 142
model name	: Intel(R) Core(TM) i5-8265U CPU @ 1.60GHz
stepping	: 12
microcode	: 0xf4
cpu MHz		: 1099.984
cache size	: 6144 KB
physical id	: 0
siblings	: 8
core id		: 0
cpu cores	: 4
apicid		: 0
initial apicid	: 0
fpu		: yes
fpu_exception	: yes
cpuid level	: 22
wp		: yes
flags		: fpu vme de pse tsc msr pae mce cx8 apic sep mtrr pge mca cmov pat pse36 clflush dts acpi mmx fxsr sse sse2 ss ht tm pbe syscall nx pdpe1gb rdtscp lm constant_tsc art arch_perfmon pebs bts rep_good nopl xtopology nonstop_tsc cpuid aperfmperf pni pclmulqdq dtes64 monitor ds_cpl vmx est tm2 ssse3 sdbg fma cx16 xtpr pdcm pcid sse4_1 sse4_2 x2apic movbe popcnt tsc_deadline_timer aes xsave avx f16c rdrand lahf_lm abm 3dnowprefetch cpuid_fault epb invpcid_single ssbd ibrs ibpb stibp ibrs_enhanced tpr_shadow vnmi flexpriority ept vpid ept_ad fsgsbase tsc_adjust bmi1 avx2 smep bmi2 erms invpcid mpx rdseed adx smap clflushopt intel_pt xsaveopt xsavec xgetbv1 xsaves dtherm ida arat pln pts hwp hwp_notify hwp_act_window hwp_epp md_clear flush_l1d arch_capabilities
vmx flags	: vnmi preemption_timer invvpid ept_x_only ept_ad ept_1gb flexpriority tsc_offset vtpr mtf vapic ept vpid unrestricted_guest ple pml ept_mode_based_exec
bugs		: spectre_v1 spectre_v2 spec_store_bypass swapgs itlb_multihit srbds mmio_stale_data retbleed eibrs_pbrsb
bogomips	: 3600.00
clflush size	: 64
cache_alignment	: 64
address sizes	: 39 bits physical, 48 bits virtual
power management:

processor	: 1
vendor_id	: GenuineIntel
cpu family	: 6
model		: 142
model name	: Intel(R) Core(TM) i5-8265U CPU @ 1.60GHz
stepping	: 12
microcode	: 0xf4
cpu MHz		: 1100.886
cache size	: 6144 KB
physical id	: 0
siblings	: 8
core id		: 1
cpu cores	: 4
apicid		: 2
initial apicid	: 2
fpu		: yes
fpu_exception	: yes
cpuid level	: 22
wp		: yes
flags		: fpu vme de pse tsc msr pae mce cx8 apic sep mtrr pge mca cmov pat pse36 clflush dts acpi mmx fxsr sse sse2 ss ht tm pbe syscall nx pdpe1gb rdtscp lm constant_tsc art arch_perfmon pebs bts rep_good nopl xtopology nonstop_tsc cpuid aperfmperf pni pclmulqdq dtes64 monitor ds_cpl vmx est tm2 ssse3 sdbg fma cx16 xtpr pdcm pcid sse4_1 sse4_2 x2apic movbe popcnt tsc_deadline_timer aes xsave avx f16c rdrand lahf_lm abm 3dnowprefetch cpuid_fault epb invpcid_single ssbd ibrs ibpb stibp ibrs_enhanced tpr_shadow vnmi flexpriority ept vpid ept_ad fsgsbase tsc_adjust bmi1 avx2 smep bmi2 erms invpcid mpx rdseed adx smap clflushopt intel_pt xsaveopt xsavec xgetbv1 xsaves dtherm ida arat pln pts hwp hwp_notify hwp_act_window hwp_epp md_clear flush_l1d arch_capabilities
vmx flags	: vnmi preemption_timer invvpid ept_x_only ept_ad ept_1gb flexpriority tsc_offset vtpr mtf vapic ept vpid unrestricted_guest ple pml ept_mode_based_exec
bugs		: spectre_v1 spectre_v2 spec_store_bypass swapgs itlb_multihit srbds mmio_stale_data retbleed eibrs_pbrsb
bogomips	: 3600.00
clflush size	: 64
cache_alignment	: 64
address sizes	: 39 bits physical, 48 bits virtual
power management:

processor	: 2
vendor_id	: GenuineIntel
cpu family	: 6
model		: 142
model name	: Intel(R) Core(TM) i5-8265U CPU @ 1.60GHz
stepping	: 12
microcode	: 0xf4
cpu MHz		: 1099.991
cache size	: 6144 KB
physical id	: 0
siblings	: 8
core id		: 2
cpu cores	: 4
apicid		: 4
initial apicid	: 4
fpu		: yes
fpu_exception	: yes
cpuid level	: 22
wp		: yes
flags		: fpu vme de pse tsc msr pae mce cx8 apic sep mtrr pge mca cmov pat pse36 clflush dts acpi mmx fxsr sse sse2 ss ht tm pbe syscall nx pdpe1gb rdtscp lm constant_tsc art arch_perfmon pebs bts rep_good nopl xtopology nonstop_tsc cpuid aperfmperf pni pclmulqdq dtes64 monitor ds_cpl vmx est tm2 ssse3 sdbg fma cx16 xtpr pdcm pcid sse4_1 sse4_2 x2apic movbe popcnt tsc_deadline_timer aes xsave avx f16c rdrand lahf_lm abm 3dnowprefetch cpuid_fault epb invpcid_single ssbd ibrs ibpb stibp ibrs_enhanced tpr_shadow vnmi flexpriority ept vpid ept_ad fsgsbase tsc_adjust bmi1 avx2 smep bmi2 erms invpcid mpx rdseed adx smap clflushopt intel_pt xsaveopt xsavec xgetbv1 xsaves dtherm ida arat pln pts hwp hwp_notify hwp_act_window hwp_epp md_clear flush_l1d arch_capabilities
vmx flags	: vnmi preemption_timer invvpid ept_x_only ept_ad ept_1gb flexpriority tsc_offset vtpr mtf vapic ept vpid unrestricted_guest ple pml ept_mode_based_exec
bugs		: spectre_v1 spectre_v2 spec_store_bypass swapgs itlb_multihit srbds mmio_stale_data retbleed eibrs_pbrsb
bogomips	: 3600.00
clflush size	: 64
cache_alignment	: 64
address sizes	: 39 bits physical, 48 bits virtual
power management:

processor	: 3
vendor_id	: GenuineIntel
cpu family	: 6
model		: 142
model name	: Intel(R) Core(TM) i5-8265U CPU @ 1.60GHz
stepping	: 12
microcode	: 0xf4
cpu MHz		: 1100.725
cache size	: 6144 KB
physical id	: 0
siblings	: 8
core id		: 3
cpu cores	: 4
apicid		: 6
initial apicid	: 6
fpu		: yes
fpu_exception	: yes
cpuid level	: 22
wp		: yes
flags		: fpu vme de pse tsc msr pae mce cx8 apic sep mtrr pge mca cmov pat pse36 clflush dts acpi mmx fxsr sse sse2 ss ht tm pbe syscall nx pdpe1gb rdtscp lm constant_tsc art arch_perfmon pebs bts rep_good nopl xtopology nonstop_tsc cpuid aperfmperf pni pclmulqdq dtes64 monitor ds_cpl vmx est tm2 ssse3 sdbg fma cx16 xtpr pdcm pcid sse4_1 sse4_2 x2apic movbe popcnt tsc_deadline_timer aes xsave avx f16c rdrand lahf_lm abm 3dnowprefetch cpuid_fault epb invpcid_single ssbd ibrs ibpb stibp ibrs_enhanced tpr_shadow vnmi flexpriority ept vpid ept_ad fsgsbase tsc_adjust bmi1 avx2 smep bmi2 erms invpcid mpx rdseed adx smap clflushopt intel_pt xsaveopt xsavec xgetbv1 xsaves dtherm ida arat pln pts hwp hwp_notify hwp_act_window hwp_epp md_clear flush_l1d arch_capabilities
vmx flags	: vnmi preemption_timer invvpid ept_x_only ept_ad ept_1gb flexpriority tsc_offset vtpr mtf vapic ept vpid unrestricted_guest ple pml ept_mode_based_exec
bugs		: spectre_v1 spectre_v2 spec_store_bypass swapgs itlb_multihit srbds mmio_stale_data retbleed eibrs_pbrsb
bogomips	: 3600.00
clflush size	: 64
cache_alignment	: 64
address sizes	: 39 bits physical, 48 bits virtual
power management:

processor	: 4
vendor_id	: GenuineIntel
cpu family	: 6
model		: 142
model name	: Intel(R) Core(TM) i5-8265U CPU @ 1.60GHz
stepping	: 12
microcode	: 0xf4
cpu MHz		: 1100.003
cache size	: 6144 KB
physical id	: 0
siblings	: 8
core id		: 0
cpu cores	: 4
apicid		: 1
initial apicid	: 1
fpu		: yes
fpu_exception	: yes
cpuid level	: 22
wp		: yes
flags		: fpu vme de pse tsc msr pae mce cx8 apic sep mtrr pge mca cmov pat pse36 clflush dts acpi mmx fxsr sse sse2 ss ht tm pbe syscall nx pdpe1gb rdtscp lm constant_tsc art arch_perfmon pebs bts rep_good nopl xtopology nonstop_tsc cpuid aperfmperf pni pclmulqdq dtes64 monitor ds_cpl vmx est tm2 ssse3 sdbg fma cx16 xtpr pdcm pcid sse4_1 sse4_2 x2apic movbe popcnt tsc_deadline_timer aes xsave avx f16c rdrand lahf_lm abm 3dnowprefetch cpuid_fault epb invpcid_single ssbd ibrs ibpb stibp ibrs_enhanced tpr_shadow vnmi flexpriority ept vpid ept_ad fsgsbase tsc_adjust bmi1 avx2 smep bmi2 erms invpcid mpx rdseed adx smap clflushopt intel_pt xsaveopt xsavec xgetbv1 xsaves dtherm ida arat pln pts hwp hwp_notify hwp_act_window hwp_epp md_clear flush_l1d arch_capabilities
vmx flags	: vnmi preemption_timer invvpid ept_x_only ept_ad ept_1gb flexpriority tsc_offset vtpr mtf vapic ept vpid unrestricted_guest ple pml ept_mode_based_exec
bugs		: spectre_v1 spectre_v2 spec_store_bypass swapgs itlb_multihit srbds mmio_stale_data retbleed eibrs_pbrsb
bogomips	: 3600.00
clflush size	: 64
cache_alignment	: 64
address sizes	: 39 bits physical, 48 bits virtual
power management:

processor	: 5
vendor_id	: GenuineIntel
cpu family	: 6
model		: 142
model name	: Intel(R) Core(TM) i5-8265U CPU @ 1.60GHz
stepping	: 12
microcode	: 0xf4
cpu MHz		: 1099.946
cache size	: 6144 KB
physical id	: 0
siblings	: 8
core id		: 1
cpu cores	: 4
apicid		: 3
initial apicid	: 3
fpu		: yes
fpu_exception	: yes
cpuid level	: 22
wp		: yes
flags		: fpu vme de pse tsc msr pae mce cx8 apic sep mtrr pge mca cmov pat pse36 clflush dts acpi mmx fxsr sse sse2 ss ht tm pbe syscall nx pdpe1gb rdtscp lm constant_tsc art arch_perfmon pebs bts rep_good nopl xtopology nonstop_tsc cpuid aperfmperf pni pclmulqdq dtes64 monitor ds_cpl vmx est tm2 ssse3 sdbg fma cx16 xtpr pdcm pcid sse4_1 sse4_2 x2apic movbe popcnt tsc_deadline_timer aes xsave avx f16c rdrand lahf_lm abm 3dnowprefetch cpuid_fault epb invpcid_single ssbd ibrs ibpb stibp ibrs_enhanced tpr_shadow vnmi flexpriority ept vpid ept_ad fsgsbase tsc_adjust bmi1 avx2 smep bmi2 erms invpcid mpx rdseed adx smap clflushopt intel_pt xsaveopt xsavec xgetbv1 xsaves dtherm ida arat pln pts hwp hwp_notify hwp_act_window hwp_epp md_clear flush_l1d arch_capabilities
vmx flags	: vnmi preemption_timer invvpid ept_x_only ept_ad ept_1gb flexpriority tsc_offset vtpr mtf vapic ept vpid unrestricted_guest ple pml ept_mode_based_exec
bugs		: spectre_v1 spectre_v2 spec_store_bypass swapgs itlb_multihit srbds mmio_stale_data retbleed eibrs_pbrsb
bogomips	: 3600.00
clflush size	: 64
cache_alignment	: 64
address sizes	: 39 bits physical, 48 bits virtual
power management:

processor	: 6
vendor_id	: GenuineIntel
cpu family	: 6
model		: 142
model name	: Intel(R) Core(TM) i5-8265U CPU @ 1.60GHz
stepping	: 12
microcode	: 0xf4
cpu MHz		: 1389.375
cache size	: 6144 KB
physical id	: 0
siblings	: 8
core id		: 2
cpu cores	: 4
apicid		: 5
initial apicid	: 5
fpu		: yes
fpu_exception	: yes
cpuid level	: 22
wp		: yes
flags		: fpu vme de pse tsc msr pae mce cx8 apic sep mtrr pge mca cmov pat pse36 clflush dts acpi mmx fxsr sse sse2 ss ht tm pbe syscall nx pdpe1gb rdtscp lm constant_tsc art arch_perfmon pebs bts rep_good nopl xtopology nonstop_tsc cpuid aperfmperf pni pclmulqdq dtes64 monitor ds_cpl vmx est tm2 ssse3 sdbg fma cx16 xtpr pdcm pcid sse4_1 sse4_2 x2apic movbe popcnt tsc_deadline_timer aes xsave avx f16c rdrand lahf_lm abm 3dnowprefetch cpuid_fault epb invpcid_single ssbd ibrs ibpb stibp ibrs_enhanced tpr_shadow vnmi flexpriority ept vpid ept_ad fsgsbase tsc_adjust bmi1 avx2 smep bmi2 erms invpcid mpx rdseed adx smap clflushopt intel_pt xsaveopt xsavec xgetbv1 xsaves dtherm ida arat pln pts hwp hwp_notify hwp_act_window hwp_epp md_clear flush_l1d arch_capabilities
vmx flags	: vnmi preemption_timer invvpid ept_x_only ept_ad ept_1gb flexpriority tsc_offset vtpr mtf vapic ept vpid unrestricted_guest ple pml ept_mode_based_exec
bugs		: spectre_v1 spectre_v2 spec_store_bypass swapgs itlb_multihit srbds mmio_stale_data retbleed eibrs_pbrsb
bogomips	: 3600.00
clflush size	: 64
cache_alignment	: 64
address sizes	: 39 bits physical, 48 bits virtual
power management:

processor	: 7
vendor_id	: GenuineIntel
cpu family	: 6
model		: 142
model name	: Intel(R) Core(TM) i5-8265U CPU @ 1.60GHz
stepping	: 12
microcode	: 0xf4
cpu MHz		: 1099.668
cache size	: 6144 KB
physical id	: 0
siblings	: 8
core id		: 3
cpu cores	: 4
apicid		: 7
initial apicid	: 7
fpu		: yes
fpu_exception	: yes
cpuid level	: 22
wp		: yes
flags		: fpu vme de pse tsc msr pae mce cx8 apic sep mtrr pge mca cmov pat pse36 clflush dts acpi mmx fxsr sse sse2 ss ht tm pbe syscall nx pdpe1gb rdtscp lm constant_tsc art arch_perfmon pebs bts rep_good nopl xtopology nonstop_tsc cpuid aperfmperf pni pclmulqdq dtes64 monitor ds_cpl vmx est tm2 ssse3 sdbg fma cx16 xtpr pdcm pcid sse4_1 sse4_2 x2apic movbe popcnt tsc_deadline_timer aes xsave avx f16c rdrand lahf_lm abm 3dnowprefetch cpuid_fault epb invpcid_single ssbd ibrs ibpb stibp ibrs_enhanced tpr_shadow vnmi flexpriority ept vpid ept_ad fsgsbase tsc_adjust bmi1 avx2 smep bmi2 erms invpcid mpx rdseed adx smap clflushopt intel_pt xsaveopt xsavec xgetbv1 xsaves dtherm ida arat pln pts hwp hwp_notify hwp_act_window hwp_epp md_clear flush_l1d arch_capabilities
vmx flags	: vnmi preemption_timer invvpid ept_x_only ept_ad ept_1gb flexpriority tsc_offset vtpr mtf vapic ept vpid unrestricted_guest ple pml ept_mode_based_exec
bugs		: spectre_v1 spectre_v2 spec_store_bypass swapgs itlb_multihit srbds mmio_stale_data retbleed eibrs_pbrsb
bogomips	: 3600.00
clflush size	: 64
cache_alignment	: 64
address sizes	: 39 bits physical, 48 bits virtual
power management:



Memory: 4k page, physical 8015516k(1086948k free), swap 2097148k(534060k free)

vm_info: OpenJDK 64-Bit Server VM (25.352-b08) for linux-amd64 JRE (1.8.0_352-352-b08), built on Oct 20 2022 09:36:44 by "root" with gcc 4.8.5 20150623 (Red Hat 4.8.5-44)

time: Sat Mar 18 15:07:20 2023
timezone: CET
elapsed time: 33.133399 seconds (0d 0h 0m 33s)

